;/////////////////////////////////////////////////////////////////////////////////
;// Code Generator: BoostC Compiler - http://www.sourceboost.com
;// Version       : 8.01
;// License Type  : Pro License
;// Limitations   : PIC12,PIC16 max code size:Unlimited, max RAM banks:Unlimited
;/////////////////////////////////////////////////////////////////////////////////

	ORG 0x00000000
0000  2FFF  	GOTO	_startup
	ORG 0x00000004
0004  00FF  	MOVWF Int1Context
0005  0E03  	SWAPF STATUS, W
0006  1283  	BCF STATUS, RP0
0007  1303  	BCF STATUS, RP1
0008  00B0  	MOVWF Int1BContext
0009  0E0A  	SWAPF PCLATH, W
000A  00B1  	MOVWF Int1BContext+D'1'
000B  0E04  	SWAPF FSR, W
000C  00B2  	MOVWF Int1BContext+D'2'
000D  158A  	BSF PCLATH,3
000E  120A  	BCF PCLATH,4
000F  2861  	GOTO	interrupt
	ORG 0x00000010
0010        delay_us_00000
0010        ; { delay_us ; function begin
0010  3003  	MOVLW 0x03
0011  07F2  	ADDWF delay_us_00000_arg_del, F
0012  0CF2  	RRF delay_us_00000_arg_del, F
0013  0CF2  	RRF delay_us_00000_arg_del, F
0014  307F  	MOVLW 0x7F
0015  05F2  	ANDWF delay_us_00000_arg_del, F
0016        label1
0016  0000  	NOP
0017  0BF2  	DECFSZ delay_us_00000_arg_del, F
0018  2816  	GOTO	label1
0019  0008  	RETURN
001A        ; } delay_us function end

	ORG 0x0000001A
001A        __rom_get_00000
001A        ; { __rom_get ; function begin
001A  0874  	MOVF __rom_get_00000_arg_objNumb, W
001B  00F7  	MOVWF __rom_get_00000_1_romAddr+D'1'
001C  01F6  	CLRF __rom_get_00000_1_romAddr
001D  1003  	BCF STATUS,C
001E  0DF7  	RLF __rom_get_00000_1_romAddr+D'1', F
001F  0DF6  	RLF __rom_get_00000_1_romAddr, F
0020  0DF7  	RLF __rom_get_00000_1_romAddr+D'1', F
0021  0DF6  	RLF __rom_get_00000_1_romAddr, F
0022  07F7  	ADDWF __rom_get_00000_1_romAddr+D'1', F
0023  1803  	BTFSC STATUS,C
0024  0AF6  	INCF __rom_get_00000_1_romAddr, F
0025  07F7  	ADDWF __rom_get_00000_1_romAddr+D'1', F
0026  1803  	BTFSC STATUS,C
0027  0AF6  	INCF __rom_get_00000_1_romAddr, F
0028  3033  	MOVLW	LOW( label2 )
0029  07F7  	ADDWF __rom_get_00000_1_romAddr+D'1', F
002A  1803  	BTFSC STATUS,C
002B  0AF6  	INCF __rom_get_00000_1_romAddr, F
002C  3000  	MOVLW	HIGH( label2 )
002D  0776  	ADDWF __rom_get_00000_1_romAddr, W
002E  008A  	MOVWF PCLATH
002F  0875  	MOVF __rom_get_00000_arg_idx, W
0030  00F6  	MOVWF __rom_get_00000_1_romAddr
0031  0877  	MOVF __rom_get_00000_1_romAddr+D'1', W
0032  0082  	MOVWF PCL
0033        label2
0033  3000  	MOVLW	HIGH( label3 )
0034  008A  	MOVWF PCLATH
0035  3000  	MOVLW	HIGH( label4 )
0036  00F7  	MOVWF __rom_get_00000_1_romAddr+D'1'
0037  3049  	MOVLW	LOW( label4 )
0038  2842  	GOTO	label3
0039  3000  	MOVLW	HIGH( label3 )
003A  008A  	MOVWF PCLATH
003B  3000  	MOVLW	HIGH( label5 )
003C  00F7  	MOVWF __rom_get_00000_1_romAddr+D'1'
003D  3055  	MOVLW	LOW( label5 )
003E  2842  	GOTO	label3
003F  3000  	MOVLW	HIGH( label6 )
0040  00F7  	MOVWF __rom_get_00000_1_romAddr+D'1'
0041  306D  	MOVLW	LOW( label6 )
0042        label3
0042  07F6  	ADDWF __rom_get_00000_1_romAddr, F
0043  1803  	BTFSC STATUS,C
0044  0AF7  	INCF __rom_get_00000_1_romAddr+D'1', F
0045  0877  	MOVF __rom_get_00000_1_romAddr+D'1', W
0046  008A  	MOVWF PCLATH
0047  0876  	MOVF __rom_get_00000_1_romAddr, W
0048  0082  	MOVWF PCL
0049        label4
0049  3431  	RETLW 0x31
004A  3428  	RETLW 0x28
004B  3431  	RETLW 0x31
004C  3430  	RETLW 0x30
004D  3431  	RETLW 0x31
004E  3430  	RETLW 0x30
004F  3431  	RETLW 0x31
0050  3431  	RETLW 0x31
0051  3430  	RETLW 0x30
0052  3431  	RETLW 0x31
0053  3430  	RETLW 0x30
0054  3431  	RETLW 0x31
0055        label5
0055  3404  	RETLW 0x04
0056  3408  	RETLW 0x08
0057  3412  	RETLW 0x12
0058  3416  	RETLW 0x16
0059  3420  	RETLW 0x20
005A  3424  	RETLW 0x24
005B  3428  	RETLW 0x28
005C  3432  	RETLW 0x32
005D  3436  	RETLW 0x36
005E  3440  	RETLW 0x40
005F  3444  	RETLW 0x44
0060  3448  	RETLW 0x48
0061  3452  	RETLW 0x52
0062  3456  	RETLW 0x56
0063  3460  	RETLW 0x60
0064  3464  	RETLW 0x64
0065  3468  	RETLW 0x68
0066  3472  	RETLW 0x72
0067  3476  	RETLW 0x76
0068  3480  	RETLW 0x80
0069  3484  	RETLW 0x84
006A  3488  	RETLW 0x88
006B  3492  	RETLW 0x92
006C  3496  	RETLW 0x96
006D        label6
006D  343F  	RETLW 0x3F
006E  3406  	RETLW 0x06
006F  345B  	RETLW 0x5B
0070  344F  	RETLW 0x4F
0071  3466  	RETLW 0x66
0072  346D  	RETLW 0x6D
0073  347D  	RETLW 0x7D
0074  3407  	RETLW 0x07
0075  347F  	RETLW 0x7F
0076  346F  	RETLW 0x6F
0077        ; } __rom_get function end

	ORG 0x00000077
0077        delay_10us_00000
0077        ; { delay_10us ; function begin
0077        label7
0077  0000  	NOP
0078  0000  	NOP
0079  0000  	NOP
007A  0000  	NOP
007B  0000  	NOP
007C  0000  	NOP
007D  0000  	NOP
007E  0BF1  	DECFSZ delay_10us_00000_arg_del, F
007F  2877  	GOTO	label7
0080  0008  	RETURN
0081        ; } delay_10us function end

	ORG 0x00000081
0081        delay_ms_00000
0081        ; { delay_ms ; function begin
0081  08EC  	MOVF delay_ms_00000_arg_del, F
0082  1D03  	BTFSS STATUS,Z
0083  2885  	GOTO	label8
0084  0008  	RETURN
0085        label8
0085  30F9  	MOVLW 0xF9
0086        label9
0086  3EFF  	ADDLW 0xFF
0087  1D03  	BTFSS STATUS,Z
0088  2886  	GOTO	label9
0089  0000  	NOP
008A  0BEC  	DECFSZ delay_ms_00000_arg_del, F
008B  2885  	GOTO	label8
008C  0008  	RETURN
008D        ; } delay_ms function end

	ORG 0x0000008D
008D        nibbleTo7S_00020
008D        ; { nibbleTo7Seg ; function begin
008D  085E  	MOVF gbl_tm1638DisplayNumtoSeg, W
008E  00F4  	MOVWF __rom_get_00000_arg_objNumb
008F  300F  	MOVLW 0x0F
0090  0572  	ANDWF nibbleTo7S_00020_arg_bNibble, W
0091  00F5  	MOVWF __rom_get_00000_arg_idx
0092  201A  	CALL __rom_get_00000
0093  00F3  	MOVWF nibbleTo7S_00020_1_s7SegDisplay
0094  0868  	MOVF gbl_iPrintDotDigit, W
0095  0667  	XORWF gbl_iPrintStartDigit, W
0096  118A  	BCF PCLATH,3
0097  120A  	BCF PCLATH,4
0098  1D03  	BTFSS STATUS,Z
0099  289C  	GOTO	label10
009A  085F  	MOVF gbl_tm1638Dot, W
009B  07F3  	ADDWF nibbleTo7S_00020_1_s7SegDisplay, F
009C        label10
009C  1383  	BCF	STATUS,IRP
009D  3020  	MOVLW LOW(gbl_tm1638Data+D'0')
009E  0084  	MOVWF FSR
009F  0867  	MOVF gbl_iPrintStartDigit, W
00A0  0784  	ADDWF FSR, F
00A1  0873  	MOVF nibbleTo7S_00020_1_s7SegDisplay, W
00A2  0080  	MOVWF INDF
00A3  0AE7  	INCF gbl_iPrintStartDigit, F
00A4  0008  	RETURN
00A5        ; } nibbleTo7Seg function end

	ORG 0x000000A5
00A5        i2c_WRITE_00000
00A5        ; { i2c_WRITE ; function begin
00A5  11C6  	BCF i2c_WRITE_00000_1_l_bclif,3
00A6  11C5  	BCF i2c_WRITE_00000_1_l_sspif,3
00A7  13C0  	BCF i2c_WRITE_00000_1_l_wcol,7
00A8  086F  	MOVF i2c_WRITE_00000_arg_i2c_data, W
00A9  00C4  	MOVWF i2c_WRITE_00000_1_i2c_SSPBUF
00AA  1187  	BCF i2c_WRITE_00000_1_l_scl,3
00AB  1207  	BCF i2c_WRITE_00000_1_l_sda,4
00AC  1142  	BCF i2c_WRITE_00000_1_l_rw,2
00AD  3080  	MOVLW 0x80
00AE  00F0  	MOVWF i2c_WRITE_00000_1_BitMask
00AF        label11
00AF  08F0  	MOVF i2c_WRITE_00000_1_BitMask, F
00B0  1903  	BTFSC STATUS,Z
00B1  28D2  	GOTO	label16
00B2  0870  	MOVF i2c_WRITE_00000_1_BitMask, W
00B3  056F  	ANDWF i2c_WRITE_00000_arg_i2c_data, W
00B4  1903  	BTFSC STATUS,Z
00B5  28B9  	GOTO	label12
00B6  1683  	BSF STATUS, RP0
00B7  1607  	BSF i2c_WRITE_00000_1_l_sda_tris,4
00B8  28BB  	GOTO	label13
00B9        label12
00B9  1683  	BSF STATUS, RP0
00BA  1207  	BCF i2c_WRITE_00000_1_l_sda_tris,4
00BB        label13
00BB  300A  	MOVLW 0x0A
00BC  1283  	BCF STATUS, RP0
00BD  00F2  	MOVWF delay_us_00000_arg_del
00BE  2010  	CALL delay_us_00000
00BF  1683  	BSF STATUS, RP0
00C0  1587  	BSF i2c_WRITE_00000_1_l_scl_tris,3
00C1        label14
00C1  1283  	BCF STATUS, RP0
00C2  1987  	BTFSC i2c_WRITE_00000_1_l_scl,3
00C3  28C6  	GOTO	label15
00C4  0064  	CLRWDT
00C5  28C1  	GOTO	label14
00C6        label15
00C6  300A  	MOVLW 0x0A
00C7  00F2  	MOVWF delay_us_00000_arg_del
00C8  2010  	CALL delay_us_00000
00C9  1683  	BSF STATUS, RP0
00CA  1187  	BCF i2c_WRITE_00000_1_l_scl_tris,3
00CB  300A  	MOVLW 0x0A
00CC  1283  	BCF STATUS, RP0
00CD  00F2  	MOVWF delay_us_00000_arg_del
00CE  2010  	CALL delay_us_00000
00CF  1003  	BCF STATUS,C
00D0  0CF0  	RRF i2c_WRITE_00000_1_BitMask, F
00D1  28AF  	GOTO	label11
00D2        label16
00D2  15C5  	BSF i2c_WRITE_00000_1_l_sspif,3
00D3  1641  	BSF i2c_WRITE_00000_1_l_acken,4
00D4  12C1  	BCF i2c_WRITE_00000_1_l_ackdt,5
00D5  1683  	BSF STATUS, RP0
00D6  1607  	BSF i2c_WRITE_00000_1_l_sda_tris,4
00D7  300A  	MOVLW 0x0A
00D8  1283  	BCF STATUS, RP0
00D9  00F2  	MOVWF delay_us_00000_arg_del
00DA  2010  	CALL delay_us_00000
00DB  1683  	BSF STATUS, RP0
00DC  1587  	BSF i2c_WRITE_00000_1_l_scl_tris,3
00DD        label17
00DD  1283  	BCF STATUS, RP0
00DE  1987  	BTFSC i2c_WRITE_00000_1_l_scl,3
00DF  28E2  	GOTO	label18
00E0  0064  	CLRWDT
00E1  28DD  	GOTO	label17
00E2        label18
00E2  300A  	MOVLW 0x0A
00E3  00F2  	MOVWF delay_us_00000_arg_del
00E4  2010  	CALL delay_us_00000
00E5  1071  	BCF i2c_WRITE_00000_1_local_ack,0
00E6  1A07  	BTFSC i2c_WRITE_00000_1_l_sda,4
00E7  1471  	BSF i2c_WRITE_00000_1_local_ack,0
00E8  300A  	MOVLW 0x0A
00E9  00F2  	MOVWF delay_us_00000_arg_del
00EA  2010  	CALL delay_us_00000
00EB  1683  	BSF STATUS, RP0
00EC  1187  	BCF i2c_WRITE_00000_1_l_scl_tris,3
00ED  1283  	BCF STATUS, RP0
00EE  1241  	BCF i2c_WRITE_00000_1_l_acken,4
00EF  300A  	MOVLW 0x0A
00F0  00F2  	MOVWF delay_us_00000_arg_del
00F1  2010  	CALL delay_us_00000
00F2  01F2  	CLRF CompTempVarRet552
00F3  1871  	BTFSC i2c_WRITE_00000_1_local_ack,0
00F4  0AF2  	INCF CompTempVarRet552, F
00F5  0008  	RETURN
00F6        ; } i2c_WRITE function end

	ORG 0x000000F6
00F6        i2c_STOP_00000
00F6        ; { i2c_STOP ; function begin
00F6  1283  	BCF STATUS, RP0
00F7  1303  	BCF STATUS, RP1
00F8  11C6  	BCF i2c_STOP_00000_1_l_bclif,3
00F9  11C5  	BCF i2c_STOP_00000_1_l_sspif,3
00FA  1541  	BSF i2c_STOP_00000_1_l_pen,2
00FB  300A  	MOVLW 0x0A
00FC  00F2  	MOVWF delay_us_00000_arg_del
00FD  2010  	CALL delay_us_00000
00FE  1187  	BCF i2c_STOP_00000_1_l_scl,3
00FF  1207  	BCF i2c_STOP_00000_1_l_sda,4
0100  1683  	BSF STATUS, RP0
0101  1187  	BCF i2c_STOP_00000_1_l_scl_tris,3
0102  1207  	BCF i2c_STOP_00000_1_l_sda_tris,4
0103  300A  	MOVLW 0x0A
0104  1283  	BCF STATUS, RP0
0105  00F2  	MOVWF delay_us_00000_arg_del
0106  2010  	CALL delay_us_00000
0107  1683  	BSF STATUS, RP0
0108  1587  	BSF i2c_STOP_00000_1_l_scl_tris,3
0109        label19
0109  1283  	BCF STATUS, RP0
010A  1987  	BTFSC i2c_STOP_00000_1_l_scl,3
010B  290E  	GOTO	label20
010C  0064  	CLRWDT
010D  2909  	GOTO	label19
010E        label20
010E  300A  	MOVLW 0x0A
010F  00F2  	MOVWF delay_us_00000_arg_del
0110  2010  	CALL delay_us_00000
0111  1683  	BSF STATUS, RP0
0112  1607  	BSF i2c_STOP_00000_1_l_sda_tris,4
0113  300A  	MOVLW 0x0A
0114  1283  	BCF STATUS, RP0
0115  00F2  	MOVWF delay_us_00000_arg_del
0116  2010  	CALL delay_us_00000
0117  1E07  	BTFSS i2c_STOP_00000_1_l_sda,4
0118  291B  	GOTO	label21
0119  1987  	BTFSC i2c_STOP_00000_1_l_scl,3
011A  291F  	GOTO	label22
011B        label21
011B  15C6  	BSF i2c_STOP_00000_1_l_bclif,3
011C  11C2  	BCF i2c_STOP_00000_1_l_s,3
011D  1141  	BCF i2c_STOP_00000_1_l_pen,2
011E  0008  	RETURN
011F        label22
011F  1642  	BSF i2c_STOP_00000_1_l_p,4
0120  1141  	BCF i2c_STOP_00000_1_l_pen,2
0121  1041  	BCF i2c_STOP_00000_1_l_sen,0
0122  10C1  	BCF i2c_STOP_00000_1_l_rsen,1
0123  11C1  	BCF i2c_STOP_00000_1_l_rcen,3
0124  1241  	BCF i2c_STOP_00000_1_l_acken,4
0125  0008  	RETURN
0126        ; } i2c_STOP function end

	ORG 0x00000126
0126        i2c_START_00000
0126        ; { i2c_START ; function begin
0126  300A  	MOVLW 0x0A
0127  1283  	BCF STATUS, RP0
0128  1303  	BCF STATUS, RP1
0129  00F2  	MOVWF delay_us_00000_arg_del
012A  2010  	CALL delay_us_00000
012B  11C6  	BCF i2c_START_00000_1_l_bclif,3
012C  11C5  	BCF i2c_START_00000_1_l_sspif,3
012D  1441  	BSF i2c_START_00000_1_l_sen,0
012E  1683  	BSF STATUS, RP0
012F  1587  	BSF i2c_START_00000_1_l_scl_tris,3
0130  1607  	BSF i2c_START_00000_1_l_sda_tris,4
0131  1283  	BCF STATUS, RP0
0132  1187  	BCF i2c_START_00000_1_l_scl,3
0133  1207  	BCF i2c_START_00000_1_l_sda,4
0134  1D87  	BTFSS i2c_START_00000_1_l_scl,3
0135  2953  	GOTO	label24
0136  1E07  	BTFSS i2c_START_00000_1_l_sda,4
0137  2953  	GOTO	label24
0138  300A  	MOVLW 0x0A
0139  00F2  	MOVWF delay_us_00000_arg_del
013A  2010  	CALL delay_us_00000
013B  1987  	BTFSC i2c_START_00000_1_l_scl,3
013C  2941  	GOTO	label23
013D  15C6  	BSF i2c_START_00000_1_l_bclif,3
013E  15C2  	BSF i2c_START_00000_1_l_s,3
013F  1041  	BCF i2c_START_00000_1_l_sen,0
0140  0008  	RETURN
0141        label23
0141  1207  	BCF i2c_START_00000_1_l_sda,4
0142  1683  	BSF STATUS, RP0
0143  1207  	BCF i2c_START_00000_1_l_sda_tris,4
0144  300A  	MOVLW 0x0A
0145  1283  	BCF STATUS, RP0
0146  00F2  	MOVWF delay_us_00000_arg_del
0147  2010  	CALL delay_us_00000
0148  1187  	BCF i2c_START_00000_1_l_scl,3
0149  1683  	BSF STATUS, RP0
014A  1187  	BCF i2c_START_00000_1_l_scl_tris,3
014B  300A  	MOVLW 0x0A
014C  1283  	BCF STATUS, RP0
014D  00F2  	MOVWF delay_us_00000_arg_del
014E  2010  	CALL delay_us_00000
014F  15C2  	BSF i2c_START_00000_1_l_s,3
0150  1041  	BCF i2c_START_00000_1_l_sen,0
0151  15C5  	BSF i2c_START_00000_1_l_sspif,3
0152  0008  	RETURN
0153        label24
0153  15C6  	BSF i2c_START_00000_1_l_bclif,3
0154  15C2  	BSF i2c_START_00000_1_l_s,3
0155  1041  	BCF i2c_START_00000_1_l_sen,0
0156  10C1  	BCF i2c_START_00000_1_l_rsen,1
0157  1141  	BCF i2c_START_00000_1_l_pen,2
0158  11C1  	BCF i2c_START_00000_1_l_rcen,3
0159  1241  	BCF i2c_START_00000_1_l_acken,4
015A  0008  	RETURN
015B        ; } i2c_START function end

	ORG 0x0000015B
015B        tm1638Byte_0001F
015B        ; { tm1638ByteWrite ; function begin
015B  01F1  	CLRF tm1638Byte_0001F_2_i
015C        label25
015C  3008  	MOVLW 0x08
015D  0271  	SUBWF tm1638Byte_0001F_2_i, W
015E  1803  	BTFSC STATUS,C
015F  0008  	RETURN
0160  3001  	MOVLW 0x01
0161  0570  	ANDWF tm1638Byte_0001F_arg_bWrite, W
0162  00F2  	MOVWF CompTempVar555
0163  1872  	BTFSC CompTempVar555,0
0164  1486  	BSF gbl_portb,1
0165  1C72  	BTFSS CompTempVar555,0
0166  1086  	BCF gbl_portb,1
0167  1106  	BCF gbl_portb,2
0168  08F0  	MOVF tm1638Byte_0001F_arg_bWrite, F
0169  1003  	BCF STATUS,C
016A  0CF0  	RRF tm1638Byte_0001F_arg_bWrite, F
016B  1506  	BSF gbl_portb,2
016C  0AF1  	INCF tm1638Byte_0001F_2_i, F
016D  295C  	GOTO	label25
016E        ; } tm1638ByteWrite function end

	ORG 0x0000016E
016E        oneWireTxB_00018
016E        ; { oneWireTxByte ; function begin
016E  3001  	MOVLW 0x01
016F  00EF  	MOVWF oneWireTxB_00018_1_cTemp
0170  01F0  	CLRF oneWireTxB_00018_2_i
0171        label26
0171  3008  	MOVLW 0x08
0172  0270  	SUBWF oneWireTxB_00018_2_i, W
0173  1803  	BTFSC STATUS,C
0174  0008  	RETURN
0175  1683  	BSF STATUS, RP0
0176  1287  	BCF gbl_trisc,5
0177  1283  	BCF STATUS, RP0
0178  1287  	BCF gbl_portc,5
0179  086F  	MOVF oneWireTxB_00018_1_cTemp, W
017A  056E  	ANDWF oneWireTxB_00018_arg_cData, W
017B  1903  	BTFSC STATUS,Z
017C  297F  	GOTO	label27
017D  1683  	BSF STATUS, RP0
017E  1687  	BSF gbl_trisc,5
017F        label27
017F  3005  	MOVLW 0x05
0180  1283  	BCF STATUS, RP0
0181  00F1  	MOVWF delay_10us_00000_arg_del
0182  2077  	CALL delay_10us_00000
0183  1683  	BSF STATUS, RP0
0184  1687  	BSF gbl_trisc,5
0185  1003  	BCF STATUS,C
0186  1283  	BCF STATUS, RP0
0187  0DEF  	RLF oneWireTxB_00018_1_cTemp, F
0188  0AF0  	INCF oneWireTxB_00018_2_i, F
0189  2971  	GOTO	label26
018A        ; } oneWireTxByte function end

	ORG 0x0000018A
018A        i2c_READ_00000
018A        ; { i2c_READ ; function begin
018A  11C6  	BCF i2c_READ_00000_1_l_bclif,3
018B  11C5  	BCF i2c_READ_00000_1_l_sspif,3
018C  13C0  	BCF i2c_READ_00000_1_l_wcol,7
018D  15C1  	BSF i2c_READ_00000_1_l_rcen,3
018E  186F  	BTFSC i2c_READ_00000_arg_ack_status,0
018F  16C1  	BSF i2c_READ_00000_1_l_ackdt,5
0190  1C6F  	BTFSS i2c_READ_00000_arg_ack_status,0
0191  12C1  	BCF i2c_READ_00000_1_l_ackdt,5
0192  1542  	BSF i2c_READ_00000_1_l_rw,2
0193  1187  	BCF i2c_READ_00000_1_l_scl,3
0194  1207  	BCF i2c_READ_00000_1_l_sda,4
0195  1683  	BSF STATUS, RP0
0196  1607  	BSF i2c_READ_00000_1_l_sda_tris,4
0197  300A  	MOVLW 0x0A
0198  1283  	BCF STATUS, RP0
0199  00F2  	MOVWF delay_us_00000_arg_del
019A  2010  	CALL delay_us_00000
019B  01F1  	CLRF i2c_READ_00000_1_i2c_data
019C  3080  	MOVLW 0x80
019D  00F0  	MOVWF i2c_READ_00000_1_BitMask
019E        label28
019E  08F0  	MOVF i2c_READ_00000_1_BitMask, F
019F  1903  	BTFSC STATUS,Z
01A0  29BB  	GOTO	label32
01A1  1683  	BSF STATUS, RP0
01A2  1587  	BSF i2c_READ_00000_1_l_scl_tris,3
01A3        label29
01A3  1283  	BCF STATUS, RP0
01A4  1987  	BTFSC i2c_READ_00000_1_l_scl,3
01A5  29A8  	GOTO	label30
01A6  0064  	CLRWDT
01A7  29A3  	GOTO	label29
01A8        label30
01A8  300A  	MOVLW 0x0A
01A9  00F2  	MOVWF delay_us_00000_arg_del
01AA  2010  	CALL delay_us_00000
01AB  1683  	BSF STATUS, RP0
01AC  1607  	BSF i2c_READ_00000_1_l_sda_tris,4
01AD  1283  	BCF STATUS, RP0
01AE  1E07  	BTFSS i2c_READ_00000_1_l_sda,4
01AF  29B2  	GOTO	label31
01B0  0870  	MOVF i2c_READ_00000_1_BitMask, W
01B1  04F1  	IORWF i2c_READ_00000_1_i2c_data, F
01B2        label31
01B2  1683  	BSF STATUS, RP0
01B3  1187  	BCF i2c_READ_00000_1_l_scl_tris,3
01B4  300A  	MOVLW 0x0A
01B5  1283  	BCF STATUS, RP0
01B6  00F2  	MOVWF delay_us_00000_arg_del
01B7  2010  	CALL delay_us_00000
01B8  1003  	BCF STATUS,C
01B9  0CF0  	RRF i2c_READ_00000_1_BitMask, F
01BA  299E  	GOTO	label28
01BB        label32
01BB  15C5  	BSF i2c_READ_00000_1_l_sspif,3
01BC  11C1  	BCF i2c_READ_00000_1_l_rcen,3
01BD  08EF  	MOVF i2c_READ_00000_arg_ack_status, F
01BE  1903  	BTFSC STATUS,Z
01BF  29C3  	GOTO	label33
01C0  1683  	BSF STATUS, RP0
01C1  1607  	BSF i2c_READ_00000_1_l_sda_tris,4
01C2  29C5  	GOTO	label34
01C3        label33
01C3  1683  	BSF STATUS, RP0
01C4  1207  	BCF i2c_READ_00000_1_l_sda_tris,4
01C5        label34
01C5  300A  	MOVLW 0x0A
01C6  1283  	BCF STATUS, RP0
01C7  00F2  	MOVWF delay_us_00000_arg_del
01C8  2010  	CALL delay_us_00000
01C9  1683  	BSF STATUS, RP0
01CA  1587  	BSF i2c_READ_00000_1_l_scl_tris,3
01CB        label35
01CB  1283  	BCF STATUS, RP0
01CC  1987  	BTFSC i2c_READ_00000_1_l_scl,3
01CD  29D0  	GOTO	label36
01CE  0064  	CLRWDT
01CF  29CB  	GOTO	label35
01D0        label36
01D0  11C5  	BCF i2c_READ_00000_1_l_sspif,3
01D1  300A  	MOVLW 0x0A
01D2  00F2  	MOVWF delay_us_00000_arg_del
01D3  2010  	CALL delay_us_00000
01D4  1683  	BSF STATUS, RP0
01D5  1187  	BCF i2c_READ_00000_1_l_scl_tris,3
01D6  1283  	BCF STATUS, RP0
01D7  15C5  	BSF i2c_READ_00000_1_l_sspif,3
01D8  300A  	MOVLW 0x0A
01D9  00F2  	MOVWF delay_us_00000_arg_del
01DA  2010  	CALL delay_us_00000
01DB  0871  	MOVF i2c_READ_00000_1_i2c_data, W
01DC  00F2  	MOVWF CompTempVarRet553
01DD  0008  	RETURN
01DE        ; } i2c_READ function end

	ORG 0x000001DE
01DE        ds3231Writ_0001B
01DE        ; { ds3231Write ; function begin
01DE  2126  	CALL i2c_START_00000
01DF  30D0  	MOVLW 0xD0
01E0  00EF  	MOVWF i2c_WRITE_00000_arg_i2c_data
01E1  20A5  	CALL i2c_WRITE_00000
01E2  086D  	MOVF ds3231Writ_0001B_arg_ds3231Reg, W
01E3  00EF  	MOVWF i2c_WRITE_00000_arg_i2c_data
01E4  20A5  	CALL i2c_WRITE_00000
01E5  086E  	MOVF ds3231Writ_0001B_arg_bWrite, W
01E6  00EF  	MOVWF i2c_WRITE_00000_arg_i2c_data
01E7  20A5  	CALL i2c_WRITE_00000
01E8  20F6  	CALL i2c_STOP_00000
01E9  0008  	RETURN
01EA        ; } ds3231Write function end

	ORG 0x000001EA
01EA        bcdTo7Seg_00000
01EA        ; { bcdTo7Seg ; function begin
01EA  0E71  	SWAPF bcdTo7Seg_00000_arg_iBcdIn, W
01EB  390F  	ANDLW 0x0F
01EC  00F2  	MOVWF nibbleTo7S_00020_arg_bNibble
01ED  208D  	CALL nibbleTo7S_00020
01EE  0871  	MOVF bcdTo7Seg_00000_arg_iBcdIn, W
01EF  00F2  	MOVWF nibbleTo7S_00020_arg_bNibble
01F0  208D  	CALL nibbleTo7S_00020
01F1  0008  	RETURN
01F2        ; } bcdTo7Seg function end

	ORG 0x000001F2
01F2        bcdAdjust_00000
01F2        ; { bcdAdjust ; function begin
01F2  0369  	DECF gbl_iBcdAdjustment, W
01F3  1D03  	BTFSS STATUS,Z
01F4  2A08  	GOTO	label39
01F5  086F  	MOVF bcdAdjust_00000_arg_bcdMax, W
01F6  066E  	XORWF bcdAdjust_00000_arg_bcd, W
01F7  1D03  	BTFSS STATUS,Z
01F8  29FC  	GOTO	label37
01F9  0870  	MOVF bcdAdjust_00000_arg_bcdMin, W
01FA  00EE  	MOVWF bcdAdjust_00000_arg_bcd
01FB  2A19  	GOTO	label42
01FC        label37
01FC  300F  	MOVLW 0x0F
01FD  056E  	ANDWF bcdAdjust_00000_arg_bcd, W
01FE  00F1  	MOVWF CompTempVar599
01FF  0871  	MOVF CompTempVar599, W
0200  3A09  	XORLW 0x09
0201  1D03  	BTFSS STATUS,Z
0202  2A06  	GOTO	label38
0203  3007  	MOVLW 0x07
0204  07EE  	ADDWF bcdAdjust_00000_arg_bcd, F
0205  2A19  	GOTO	label42
0206        label38
0206  0AEE  	INCF bcdAdjust_00000_arg_bcd, F
0207  2A19  	GOTO	label42
0208        label39
0208  0870  	MOVF bcdAdjust_00000_arg_bcdMin, W
0209  066E  	XORWF bcdAdjust_00000_arg_bcd, W
020A  1D03  	BTFSS STATUS,Z
020B  2A0F  	GOTO	label40
020C  086F  	MOVF bcdAdjust_00000_arg_bcdMax, W
020D  00EE  	MOVWF bcdAdjust_00000_arg_bcd
020E  2A19  	GOTO	label42
020F        label40
020F  300F  	MOVLW 0x0F
0210  056E  	ANDWF bcdAdjust_00000_arg_bcd, W
0211  00F1  	MOVWF CompTempVar600
0212  08F1  	MOVF CompTempVar600, F
0213  1D03  	BTFSS STATUS,Z
0214  2A18  	GOTO	label41
0215  3007  	MOVLW 0x07
0216  02EE  	SUBWF bcdAdjust_00000_arg_bcd, F
0217  2A19  	GOTO	label42
0218        label41
0218  03EE  	DECF bcdAdjust_00000_arg_bcd, F
0219        label42
0219  086E  	MOVF bcdAdjust_00000_arg_bcd, W
021A  00F1  	MOVWF CompTempVarRet598
021B  0008  	RETURN
021C        ; } bcdAdjust function end

	ORG 0x0000021C
021C        tm1638Upda_00022
021C        ; { tm1638UpdateDisplay ; function begin
021C  1283  	BCF STATUS, RP0
021D  1303  	BCF STATUS, RP1
021E  084F  	MOVF gbl_gcSetMode, W
021F  044E  	IORWF gbl_gcDisplayMode, W
0220  00ED  	MOVWF CompTempVar558
0221  0850  	MOVF gbl_gcTriggerMode, W
0222  046D  	IORWF CompTempVar558, W
0223  1903  	BTFSC STATUS,Z
0224  2B2F  	GOTO	label64
0225  034F  	DECF gbl_gcSetMode, W
0226  1D03  	BTFSS STATUS,Z
0227  2A34  	GOTO	label43
0228  3003  	MOVLW 0x03
0229  00C8  	MOVWF gbl_iDigitToFlash
022A  01E7  	CLRF gbl_iPrintStartDigit
022B  3003  	MOVLW 0x03
022C  00E8  	MOVWF gbl_iPrintDotDigit
022D  3020  	MOVLW 0x20
022E  00F1  	MOVWF bcdTo7Seg_00000_arg_iBcdIn
022F  21EA  	CALL bcdTo7Seg_00000
0230  083B  	MOVF gbl_gBcdYear, W
0231  00F1  	MOVWF bcdTo7Seg_00000_arg_iBcdIn
0232  21EA  	CALL bcdTo7Seg_00000
0233  2B45  	GOTO	label65
0234        label43
0234  084F  	MOVF gbl_gcSetMode, W
0235  3A04  	XORLW 0x04
0236  1D03  	BTFSS STATUS,Z
0237  2A4A  	GOTO	label44
0238  3003  	MOVLW 0x03
0239  00C8  	MOVWF gbl_iDigitToFlash
023A  305E  	MOVLW 0x5E
023B  00A0  	MOVWF gbl_tm1638Data
023C  305F  	MOVLW 0x5F
023D  00A1  	MOVWF gbl_tm1638Data+D'1'
023E  306E  	MOVLW 0x6E
023F  00A2  	MOVWF gbl_tm1638Data+D'2'
0240  085E  	MOVF gbl_tm1638DisplayNumtoSeg, W
0241  00F4  	MOVWF __rom_get_00000_arg_objNumb
0242  0838  	MOVF gbl_gDayOfWeek, W
0243  00F5  	MOVWF __rom_get_00000_arg_idx
0244  201A  	CALL __rom_get_00000
0245  075F  	ADDWF gbl_tm1638Dot, W
0246  00A3  	MOVWF gbl_tm1638Data+D'3'
0247  118A  	BCF PCLATH,3
0248  120A  	BCF PCLATH,4
0249  2B45  	GOTO	label65
024A        label44
024A  08D0  	MOVF gbl_gcTriggerMode, F
024B  1903  	BTFSC STATUS,Z
024C  2B07  	GOTO	label57
024D  3005  	MOVLW 0x05
024E  00E8  	MOVWF gbl_iPrintDotDigit
024F  0850  	MOVF gbl_gcTriggerMode, W
0250  3A01  	XORLW 0x01
0251  1903  	BTFSC STATUS,Z
0252  2A75  	GOTO	label45
0253  3A03  	XORLW 0x03
0254  1903  	BTFSC STATUS,Z
0255  2A87  	GOTO	label46
0256  3A01  	XORLW 0x01
0257  1903  	BTFSC STATUS,Z
0258  2A8F  	GOTO	label47
0259  3A07  	XORLW 0x07
025A  1903  	BTFSC STATUS,Z
025B  2A9C  	GOTO	label48
025C  3A01  	XORLW 0x01
025D  1903  	BTFSC STATUS,Z
025E  2AA4  	GOTO	label49
025F  3A03  	XORLW 0x03
0260  1903  	BTFSC STATUS,Z
0261  2AB3  	GOTO	label50
0262  3A01  	XORLW 0x01
0263  1903  	BTFSC STATUS,Z
0264  2ABB  	GOTO	label51
0265  3A0F  	XORLW 0x0F
0266  1903  	BTFSC STATUS,Z
0267  2AC8  	GOTO	label52
0268  3A01  	XORLW 0x01
0269  1903  	BTFSC STATUS,Z
026A  2AD0  	GOTO	label53
026B  3A03  	XORLW 0x03
026C  1903  	BTFSC STATUS,Z
026D  2AE3  	GOTO	label54
026E  3A01  	XORLW 0x01
026F  1903  	BTFSC STATUS,Z
0270  2AEB  	GOTO	label55
0271  3A07  	XORLW 0x07
0272  1903  	BTFSC STATUS,Z
0273  2AFF  	GOTO	label56
0274  2B45  	GOTO	label65
0275        label45
0275  3038  	MOVLW 0x38
0276  00A0  	MOVWF gbl_tm1638Data
0277  01A1  	CLRF gbl_tm1638Data+D'1'
0278  303F  	MOVLW 0x3F
0279  00A2  	MOVWF gbl_tm1638Data+D'2'
027A  3054  	MOVLW 0x54
027B  00A3  	MOVWF gbl_tm1638Data+D'3'
027C  3005  	MOVLW 0x05
027D  00C8  	MOVWF gbl_iDigitToFlash
027E  3004  	MOVLW 0x04
027F  00E7  	MOVWF gbl_iPrintStartDigit
0280  0852  	MOVF gbl_gBcdWhiteOnHour, W
0281  00F1  	MOVWF bcdTo7Seg_00000_arg_iBcdIn
0282  21EA  	CALL bcdTo7Seg_00000
0283  0851  	MOVF gbl_gBcdWhiteOnMinute, W
0284  00F1  	MOVWF bcdTo7Seg_00000_arg_iBcdIn
0285  21EA  	CALL bcdTo7Seg_00000
0286  2B45  	GOTO	label65
0287        label46
0287  3007  	MOVLW 0x07
0288  00C8  	MOVWF gbl_iDigitToFlash
0289  3006  	MOVLW 0x06
028A  00E7  	MOVWF gbl_iPrintStartDigit
028B  0851  	MOVF gbl_gBcdWhiteOnMinute, W
028C  00F1  	MOVWF bcdTo7Seg_00000_arg_iBcdIn
028D  21EA  	CALL bcdTo7Seg_00000
028E  2B45  	GOTO	label65
028F        label47
028F  3071  	MOVLW 0x71
0290  00A3  	MOVWF gbl_tm1638Data+D'3'
0291  3005  	MOVLW 0x05
0292  00C8  	MOVWF gbl_iDigitToFlash
0293  3004  	MOVLW 0x04
0294  00E7  	MOVWF gbl_iPrintStartDigit
0295  0854  	MOVF gbl_gBcdWhiteOffHour, W
0296  00F1  	MOVWF bcdTo7Seg_00000_arg_iBcdIn
0297  21EA  	CALL bcdTo7Seg_00000
0298  0853  	MOVF gbl_gBcdWhiteOffMinute, W
0299  00F1  	MOVWF bcdTo7Seg_00000_arg_iBcdIn
029A  21EA  	CALL bcdTo7Seg_00000
029B  2B45  	GOTO	label65
029C        label48
029C  3007  	MOVLW 0x07
029D  00C8  	MOVWF gbl_iDigitToFlash
029E  3006  	MOVLW 0x06
029F  00E7  	MOVWF gbl_iPrintStartDigit
02A0  0853  	MOVF gbl_gBcdWhiteOffMinute, W
02A1  00F1  	MOVWF bcdTo7Seg_00000_arg_iBcdIn
02A2  21EA  	CALL bcdTo7Seg_00000
02A3  2B45  	GOTO	label65
02A4        label49
02A4  307C  	MOVLW 0x7C
02A5  00A0  	MOVWF gbl_tm1638Data
02A6  3054  	MOVLW 0x54
02A7  00A3  	MOVWF gbl_tm1638Data+D'3'
02A8  3005  	MOVLW 0x05
02A9  00C8  	MOVWF gbl_iDigitToFlash
02AA  3004  	MOVLW 0x04
02AB  00E7  	MOVWF gbl_iPrintStartDigit
02AC  0856  	MOVF gbl_gBcdBlueOnHour, W
02AD  00F1  	MOVWF bcdTo7Seg_00000_arg_iBcdIn
02AE  21EA  	CALL bcdTo7Seg_00000
02AF  0855  	MOVF gbl_gBcdBlueOnMinute, W
02B0  00F1  	MOVWF bcdTo7Seg_00000_arg_iBcdIn
02B1  21EA  	CALL bcdTo7Seg_00000
02B2  2B45  	GOTO	label65
02B3        label50
02B3  3007  	MOVLW 0x07
02B4  00C8  	MOVWF gbl_iDigitToFlash
02B5  3006  	MOVLW 0x06
02B6  00E7  	MOVWF gbl_iPrintStartDigit
02B7  0855  	MOVF gbl_gBcdBlueOnMinute, W
02B8  00F1  	MOVWF bcdTo7Seg_00000_arg_iBcdIn
02B9  21EA  	CALL bcdTo7Seg_00000
02BA  2B45  	GOTO	label65
02BB        label51
02BB  3071  	MOVLW 0x71
02BC  00A3  	MOVWF gbl_tm1638Data+D'3'
02BD  3005  	MOVLW 0x05
02BE  00C8  	MOVWF gbl_iDigitToFlash
02BF  3004  	MOVLW 0x04
02C0  00E7  	MOVWF gbl_iPrintStartDigit
02C1  0858  	MOVF gbl_gBcdBlueOffHour, W
02C2  00F1  	MOVWF bcdTo7Seg_00000_arg_iBcdIn
02C3  21EA  	CALL bcdTo7Seg_00000
02C4  0857  	MOVF gbl_gBcdBlueOffMinute, W
02C5  00F1  	MOVWF bcdTo7Seg_00000_arg_iBcdIn
02C6  21EA  	CALL bcdTo7Seg_00000
02C7  2B45  	GOTO	label65
02C8        label52
02C8  3007  	MOVLW 0x07
02C9  00C8  	MOVWF gbl_iDigitToFlash
02CA  3006  	MOVLW 0x06
02CB  00E7  	MOVWF gbl_iPrintStartDigit
02CC  0857  	MOVF gbl_gBcdBlueOffMinute, W
02CD  00F1  	MOVWF bcdTo7Seg_00000_arg_iBcdIn
02CE  21EA  	CALL bcdTo7Seg_00000
02CF  2B45  	GOTO	label65
02D0        label53
02D0  3071  	MOVLW 0x71
02D1  00A0  	MOVWF gbl_tm1638Data
02D2  305F  	MOVLW 0x5F
02D3  00A1  	MOVWF gbl_tm1638Data+D'1'
02D4  3054  	MOVLW 0x54
02D5  00A2  	MOVWF gbl_tm1638Data+D'2'
02D6  01A3  	CLRF gbl_tm1638Data+D'3'
02D7  303F  	MOVLW 0x3F
02D8  00A4  	MOVWF gbl_tm1638Data+D'4'
02D9  3054  	MOVLW 0x54
02DA  00A5  	MOVWF gbl_tm1638Data+D'5'
02DB  3007  	MOVLW 0x07
02DC  00C8  	MOVWF gbl_iDigitToFlash
02DD  3006  	MOVLW 0x06
02DE  00E7  	MOVWF gbl_iPrintStartDigit
02DF  0859  	MOVF gbl_gBcdFanOnTemp, W
02E0  00F1  	MOVWF bcdTo7Seg_00000_arg_iBcdIn
02E1  21EA  	CALL bcdTo7Seg_00000
02E2  2B45  	GOTO	label65
02E3        label54
02E3  3071  	MOVLW 0x71
02E4  00A5  	MOVWF gbl_tm1638Data+D'5'
02E5  3006  	MOVLW 0x06
02E6  00E7  	MOVWF gbl_iPrintStartDigit
02E7  085A  	MOVF gbl_gBcdFanOffTemp, W
02E8  00F1  	MOVWF bcdTo7Seg_00000_arg_iBcdIn
02E9  21EA  	CALL bcdTo7Seg_00000
02EA  2B45  	GOTO	label65
02EB        label55
02EB  3076  	MOVLW 0x76
02EC  00A0  	MOVWF gbl_tm1638Data
02ED  307B  	MOVLW 0x7B
02EE  00A1  	MOVWF gbl_tm1638Data+D'1'
02EF  305F  	MOVLW 0x5F
02F0  00A2  	MOVWF gbl_tm1638Data+D'2'
02F1  3078  	MOVLW 0x78
02F2  00A3  	MOVWF gbl_tm1638Data+D'3'
02F3  303F  	MOVLW 0x3F
02F4  00A4  	MOVWF gbl_tm1638Data+D'4'
02F5  3054  	MOVLW 0x54
02F6  00A5  	MOVWF gbl_tm1638Data+D'5'
02F7  3007  	MOVLW 0x07
02F8  00C8  	MOVWF gbl_iDigitToFlash
02F9  3006  	MOVLW 0x06
02FA  00E7  	MOVWF gbl_iPrintStartDigit
02FB  085B  	MOVF gbl_gBcdHeaterOnTemp, W
02FC  00F1  	MOVWF bcdTo7Seg_00000_arg_iBcdIn
02FD  21EA  	CALL bcdTo7Seg_00000
02FE  2B45  	GOTO	label65
02FF        label56
02FF  3071  	MOVLW 0x71
0300  00A5  	MOVWF gbl_tm1638Data+D'5'
0301  3006  	MOVLW 0x06
0302  00E7  	MOVWF gbl_iPrintStartDigit
0303  085C  	MOVF gbl_gBcdHeaterOffTemp, W
0304  00F1  	MOVWF bcdTo7Seg_00000_arg_iBcdIn
0305  21EA  	CALL bcdTo7Seg_00000
0306  2B45  	GOTO	label65
0307        label57
0307  084F  	MOVF gbl_gcSetMode, W
0308  3A02  	XORLW 0x02
0309  1903  	BTFSC STATUS,Z
030A  2B15  	GOTO	label58
030B  3A01  	XORLW 0x01
030C  1903  	BTFSC STATUS,Z
030D  2B18  	GOTO	label59
030E  3A06  	XORLW 0x06
030F  1903  	BTFSC STATUS,Z
0310  2B1B  	GOTO	label60
0311  3A03  	XORLW 0x03
0312  1903  	BTFSC STATUS,Z
0313  2B1E  	GOTO	label61
0314  2B21  	GOTO	label62
0315        label58
0315  3003  	MOVLW 0x03
0316  00C8  	MOVWF gbl_iDigitToFlash
0317  2B23  	GOTO	label63
0318        label59
0318  3001  	MOVLW 0x01
0319  00C8  	MOVWF gbl_iDigitToFlash
031A  2B23  	GOTO	label63
031B        label60
031B  3005  	MOVLW 0x05
031C  00C8  	MOVWF gbl_iDigitToFlash
031D  2B23  	GOTO	label63
031E        label61
031E  3007  	MOVLW 0x07
031F  00C8  	MOVWF gbl_iDigitToFlash
0320  2B23  	GOTO	label63
0321        label62
0321  3008  	MOVLW 0x08
0322  00C8  	MOVWF gbl_iDigitToFlash
0323        label63
0323  01E7  	CLRF gbl_iPrintStartDigit
0324  3001  	MOVLW 0x01
0325  00E8  	MOVWF gbl_iPrintDotDigit
0326  0839  	MOVF gbl_gBcdDayOfMonth, W
0327  00F1  	MOVWF bcdTo7Seg_00000_arg_iBcdIn
0328  21EA  	CALL bcdTo7Seg_00000
0329  3003  	MOVLW 0x03
032A  00E8  	MOVWF gbl_iPrintDotDigit
032B  083A  	MOVF gbl_gBcdMonth, W
032C  00F1  	MOVWF bcdTo7Seg_00000_arg_iBcdIn
032D  21EA  	CALL bcdTo7Seg_00000
032E  2B45  	GOTO	label65
032F        label64
032F  3008  	MOVLW 0x08
0330  00C8  	MOVWF gbl_iDigitToFlash
0331  3001  	MOVLW 0x01
0332  00E8  	MOVWF gbl_iPrintDotDigit
0333  01E7  	CLRF gbl_iPrintStartDigit
0334  0834  	MOVF gbl_giDS3231ValueBCD+D'1', W
0335  00F1  	MOVWF bcdTo7Seg_00000_arg_iBcdIn
0336  21EA  	CALL bcdTo7Seg_00000
0337  3003  	MOVLW 0x03
0338  00E8  	MOVWF gbl_iPrintDotDigit
0339  0833  	MOVF gbl_giDS3231ValueBCD, W
033A  00F1  	MOVWF bcdTo7Seg_00000_arg_iBcdIn
033B  21EA  	CALL bcdTo7Seg_00000
033C  0820  	MOVF gbl_tm1638Data, W
033D  3A3F  	XORLW 0x3F
033E  1903  	BTFSC STATUS,Z
033F  01A0  	CLRF gbl_tm1638Data
0340  08CB  	MOVF gbl_gbDS3231IsMinus, F
0341  1903  	BTFSC STATUS,Z
0342  2B45  	GOTO	label65
0343  3040  	MOVLW 0x40
0344  00A0  	MOVWF gbl_tm1638Data
0345        label65
0345  08D0  	MOVF gbl_gcTriggerMode, F
0346  1D03  	BTFSS STATUS,Z
0347  2B57  	GOTO	label68
0348  3004  	MOVLW 0x04
0349  00E7  	MOVWF gbl_iPrintStartDigit
034A  1C35  	BTFSS gbl_gBcdSecond,0
034B  2B4F  	GOTO	label66
034C  3005  	MOVLW 0x05
034D  00E8  	MOVWF gbl_iPrintDotDigit
034E  2B51  	GOTO	label67
034F        label66
034F  3008  	MOVLW 0x08
0350  00E8  	MOVWF gbl_iPrintDotDigit
0351        label67
0351  0837  	MOVF gbl_gBcdHour, W
0352  00F1  	MOVWF bcdTo7Seg_00000_arg_iBcdIn
0353  21EA  	CALL bcdTo7Seg_00000
0354  0836  	MOVF gbl_gBcdMinute, W
0355  00F1  	MOVWF bcdTo7Seg_00000_arg_iBcdIn
0356  21EA  	CALL bcdTo7Seg_00000
0357        label68
0357  0A4F  	INCF gbl_gcSetMode, W
0358  00EE  	MOVWF tm1638Upda_00022_1_cCompar_00023
0359  3002  	MOVLW 0x02
035A  00F0  	MOVWF tm1638Upda_00022_3_i
035B        label69
035B  3008  	MOVLW 0x08
035C  0270  	SUBWF tm1638Upda_00022_3_i, W
035D  1803  	BTFSC STATUS,C
035E  2B74  	GOTO	label72
035F  086E  	MOVF tm1638Upda_00022_1_cCompar_00023, W
0360  0670  	XORWF tm1638Upda_00022_3_i, W
0361  1D03  	BTFSS STATUS,Z
0362  2B6B  	GOTO	label70
0363  1383  	BCF	STATUS,IRP
0364  3028  	MOVLW LOW(gbl_tm1638LEDs+D'0')
0365  0084  	MOVWF FSR
0366  0870  	MOVF tm1638Upda_00022_3_i, W
0367  0784  	ADDWF FSR, F
0368  3001  	MOVLW 0x01
0369  0080  	MOVWF INDF
036A  2B72  	GOTO	label71
036B        label70
036B  1383  	BCF	STATUS,IRP
036C  3028  	MOVLW LOW(gbl_tm1638LEDs+D'0')
036D  0084  	MOVWF FSR
036E  0870  	MOVF tm1638Upda_00022_3_i, W
036F  0784  	ADDWF FSR, F
0370  3000  	MOVLW 0x00
0371  0080  	MOVWF INDF
0372        label71
0372  0AF0  	INCF tm1638Upda_00022_3_i, F
0373  2B5B  	GOTO	label69
0374        label72
0374  01A8  	CLRF gbl_tm1638LEDs
0375  1805  	BTFSC gbl_porta,0
0376  0AA8  	INCF gbl_tm1638LEDs, F
0377  01A9  	CLRF gbl_tm1638LEDs+D'1'
0378  1885  	BTFSC gbl_porta,1
0379  0AA9  	INCF gbl_tm1638LEDs+D'1', F
037A  1186  	BCF gbl_portb,3
037B  0861  	MOVF gbl_tm1638ByteSetData, W
037C  00F0  	MOVWF tm1638Byte_0001F_arg_bWrite
037D  215B  	CALL tm1638Byte_0001F
037E  1586  	BSF gbl_portb,3
037F  1186  	BCF gbl_portb,3
0380  0863  	MOVF gbl_tm1638ByteSetAddr, W
0381  00F0  	MOVWF tm1638Byte_0001F_arg_bWrite
0382  215B  	CALL tm1638Byte_0001F
0383  01EF  	CLRF tm1638Upda_00022_2_i
0384        label73
0384  085D  	MOVF gbl_tm1638MaxDigits, W
0385  026F  	SUBWF tm1638Upda_00022_2_i, W
0386  1803  	BTFSC STATUS,C
0387  2BA3  	GOTO	label76
0388  1C3F  	BTFSS gbl_iFlashDigitOff,0
0389  2B91  	GOTO	label74
038A  0848  	MOVF gbl_iDigitToFlash, W
038B  066F  	XORWF tm1638Upda_00022_2_i, W
038C  1D03  	BTFSS STATUS,Z
038D  2B91  	GOTO	label74
038E  01F0  	CLRF tm1638Byte_0001F_arg_bWrite
038F  215B  	CALL tm1638Byte_0001F
0390  2B99  	GOTO	label75
0391        label74
0391  1383  	BCF	STATUS,IRP
0392  3020  	MOVLW LOW(gbl_tm1638Data+D'0')
0393  0084  	MOVWF FSR
0394  086F  	MOVF tm1638Upda_00022_2_i, W
0395  0784  	ADDWF FSR, F
0396  0800  	MOVF INDF, W
0397  00F0  	MOVWF tm1638Byte_0001F_arg_bWrite
0398  215B  	CALL tm1638Byte_0001F
0399        label75
0399  1383  	BCF	STATUS,IRP
039A  3028  	MOVLW LOW(gbl_tm1638LEDs+D'0')
039B  0084  	MOVWF FSR
039C  086F  	MOVF tm1638Upda_00022_2_i, W
039D  0784  	ADDWF FSR, F
039E  0800  	MOVF INDF, W
039F  00F0  	MOVWF tm1638Byte_0001F_arg_bWrite
03A0  215B  	CALL tm1638Byte_0001F
03A1  0AEF  	INCF tm1638Upda_00022_2_i, F
03A2  2B84  	GOTO	label73
03A3        label76
03A3  1586  	BSF gbl_portb,3
03A4  0008  	RETURN
03A5        ; } tm1638UpdateDisplay function end

	ORG 0x000003A5
03A5        tm1638Disp_00021
03A5        ; { tm1638DisplayOn ; function begin
03A5  1283  	BCF STATUS, RP0
03A6  1303  	BCF STATUS, RP1
03A7  1186  	BCF gbl_portb,3
03A8  3088  	MOVLW 0x88
03A9  00F0  	MOVWF tm1638Byte_0001F_arg_bWrite
03AA  215B  	CALL tm1638Byte_0001F
03AB  1586  	BSF gbl_portb,3
03AC  0008  	RETURN
03AD        ; } tm1638DisplayOn function end

	ORG 0x000003AD
03AD        oneWireTxB_00019
03AD        ; { oneWireTxBytes ; function begin
03AD  086C  	MOVF oneWireTxB_00019_arg_cData, W
03AE  00EE  	MOVWF oneWireTxB_00018_arg_cData
03AF  216E  	CALL oneWireTxB_00018
03B0  086D  	MOVF oneWireTxB_00019_arg_cData2, W
03B1  00EE  	MOVWF oneWireTxB_00018_arg_cData
03B2  216E  	CALL oneWireTxB_00018
03B3  0008  	RETURN
03B4        ; } oneWireTxBytes function end

	ORG 0x000003B4
03B4        oneWireRxB_0001A
03B4        ; { oneWireRxByte ; function begin
03B4  1283  	BCF STATUS, RP0
03B5  1303  	BCF STATUS, RP1
03B6  01EC  	CLRF oneWireRxB_0001A_1_cDataIn
03B7  01ED  	CLRF oneWireRxB_0001A_2_i
03B8        label77
03B8  3008  	MOVLW 0x08
03B9  026D  	SUBWF oneWireRxB_0001A_2_i, W
03BA  1803  	BTFSC STATUS,C
03BB  2BCF  	GOTO	label78
03BC  1683  	BSF STATUS, RP0
03BD  1287  	BCF gbl_trisc,5
03BE  1283  	BCF STATUS, RP0
03BF  1287  	BCF gbl_portc,5
03C0  1683  	BSF STATUS, RP0
03C1  1687  	BSF gbl_trisc,5
03C2  3003  	MOVLW 0x03
03C3  1283  	BCF STATUS, RP0
03C4  00F2  	MOVWF delay_us_00000_arg_del
03C5  2010  	CALL delay_us_00000
03C6  1003  	BCF STATUS,C
03C7  0CEC  	RRF oneWireRxB_0001A_1_cDataIn, F
03C8  1A87  	BTFSC gbl_portc,5
03C9  17EC  	BSF oneWireRxB_0001A_1_cDataIn,7
03CA  3006  	MOVLW 0x06
03CB  00F1  	MOVWF delay_10us_00000_arg_del
03CC  2077  	CALL delay_10us_00000
03CD  0AED  	INCF oneWireRxB_0001A_2_i, F
03CE  2BB8  	GOTO	label77
03CF        label78
03CF  086C  	MOVF oneWireRxB_0001A_1_cDataIn, W
03D0  00ED  	MOVWF CompTempVarRet551
03D1  0008  	RETURN
03D2        ; } oneWireRxByte function end

	ORG 0x000003D2
03D2        i2c_INIT_00000
03D2        ; { i2c_INIT ; function begin
03D2  1683  	BSF STATUS, RP0
03D3  1607  	BSF i2c_INIT_00000_1_l_sda_tris,4
03D4  1587  	BSF i2c_INIT_00000_1_l_scl_tris,3
03D5  1283  	BCF STATUS, RP0
03D6  01C0  	CLRF i2c_INIT_00000_1_i2c_SSPCON1
03D7  086D  	MOVF i2c_INIT_00000_arg_i2c_divisor, W
03D8  00C3  	MOVWF i2c_INIT_00000_1_i2c_SSPADD
03D9  3008  	MOVLW 0x08
03DA  00C0  	MOVWF i2c_INIT_00000_1_i2c_SSPCON1
03DB  01C1  	CLRF i2c_INIT_00000_1_i2c_SSPCON2
03DC  01C2  	CLRF i2c_INIT_00000_1_i2c_SSPSTAT
03DD  17C2  	BSF i2c_INIT_00000_1_l_smp,7
03DE  11C5  	BCF i2c_INIT_00000_1_l_sspif,3
03DF  11C6  	BCF i2c_INIT_00000_1_l_bclif,3
03E0  1207  	BCF i2c_INIT_00000_1_l_sda,4
03E1  1187  	BCF i2c_INIT_00000_1_l_scl,3
03E2  16C0  	BSF i2c_INIT_00000_1_l_sspen,5
03E3  20F6  	CALL i2c_STOP_00000
03E4  0008  	RETURN
03E5        ; } i2c_INIT function end

	ORG 0x000003E5
03E5        ds3231Writ_0001C
03E5        ; { ds3231WriteDateTime ; function begin
03E5  2126  	CALL i2c_START_00000
03E6  30D0  	MOVLW 0xD0
03E7  00EF  	MOVWF i2c_WRITE_00000_arg_i2c_data
03E8  20A5  	CALL i2c_WRITE_00000
03E9  01EF  	CLRF i2c_WRITE_00000_arg_i2c_data
03EA  20A5  	CALL i2c_WRITE_00000
03EB  01EF  	CLRF i2c_WRITE_00000_arg_i2c_data
03EC  20A5  	CALL i2c_WRITE_00000
03ED  0836  	MOVF gbl_gBcdMinute, W
03EE  00EF  	MOVWF i2c_WRITE_00000_arg_i2c_data
03EF  20A5  	CALL i2c_WRITE_00000
03F0  0837  	MOVF gbl_gBcdHour, W
03F1  00EF  	MOVWF i2c_WRITE_00000_arg_i2c_data
03F2  20A5  	CALL i2c_WRITE_00000
03F3  0838  	MOVF gbl_gDayOfWeek, W
03F4  00EF  	MOVWF i2c_WRITE_00000_arg_i2c_data
03F5  20A5  	CALL i2c_WRITE_00000
03F6  0839  	MOVF gbl_gBcdDayOfMonth, W
03F7  00EF  	MOVWF i2c_WRITE_00000_arg_i2c_data
03F8  20A5  	CALL i2c_WRITE_00000
03F9  083A  	MOVF gbl_gBcdMonth, W
03FA  00EF  	MOVWF i2c_WRITE_00000_arg_i2c_data
03FB  20A5  	CALL i2c_WRITE_00000
03FC  083B  	MOVF gbl_gBcdYear, W
03FD  00EF  	MOVWF i2c_WRITE_00000_arg_i2c_data
03FE  20A5  	CALL i2c_WRITE_00000
03FF  20F6  	CALL i2c_STOP_00000
0400  0008  	RETURN
0401        ; } ds3231WriteDateTime function end

	ORG 0x00000401
0401        ds3231Read_0001E
0401        ; { ds3231ReadRegister ; function begin
0401  2126  	CALL i2c_START_00000
0402  30D0  	MOVLW 0xD0
0403  00EF  	MOVWF i2c_WRITE_00000_arg_i2c_data
0404  20A5  	CALL i2c_WRITE_00000
0405  086D  	MOVF ds3231Read_0001E_arg_cRegAddress, W
0406  00EF  	MOVWF i2c_WRITE_00000_arg_i2c_data
0407  20A5  	CALL i2c_WRITE_00000
0408  20F6  	CALL i2c_STOP_00000
0409  2126  	CALL i2c_START_00000
040A  30D1  	MOVLW 0xD1
040B  00EF  	MOVWF i2c_WRITE_00000_arg_i2c_data
040C  20A5  	CALL i2c_WRITE_00000
040D  3001  	MOVLW 0x01
040E  00EF  	MOVWF i2c_READ_00000_arg_ack_status
040F  218A  	CALL i2c_READ_00000
0410  0872  	MOVF CompTempVarRet553, W
0411  00EE  	MOVWF ds3231Read_0001E_1_cStatus
0412  20F6  	CALL i2c_STOP_00000
0413  086E  	MOVF ds3231Read_0001E_1_cStatus, W
0414  00EF  	MOVWF CompTempVarRet554
0415  0008  	RETURN
0416        ; } ds3231ReadRegister function end

	ORG 0x00000416
0416        ds3231Init_00000
0416        ; { ds3231Init ; function begin
0416  300E  	MOVLW 0x0E
0417  1283  	BCF STATUS, RP0
0418  1303  	BCF STATUS, RP1
0419  00ED  	MOVWF ds3231Writ_0001B_arg_ds3231Reg
041A  01EE  	CLRF ds3231Writ_0001B_arg_bWrite
041B  21DE  	CALL ds3231Writ_0001B
041C  300F  	MOVLW 0x0F
041D  00ED  	MOVWF ds3231Writ_0001B_arg_ds3231Reg
041E  01EE  	CLRF ds3231Writ_0001B_arg_bWrite
041F  21DE  	CALL ds3231Writ_0001B
0420  0008  	RETURN
0421        ; } ds3231Init function end

	ORG 0x00000421
0421        at24c32Wri_00029
0421        ; { at24c32WriteAll ; function begin
0421  2126  	CALL i2c_START_00000
0422  30AE  	MOVLW 0xAE
0423  00EF  	MOVWF i2c_WRITE_00000_arg_i2c_data
0424  20A5  	CALL i2c_WRITE_00000
0425  01EF  	CLRF i2c_WRITE_00000_arg_i2c_data
0426  20A5  	CALL i2c_WRITE_00000
0427  01EF  	CLRF i2c_WRITE_00000_arg_i2c_data
0428  20A5  	CALL i2c_WRITE_00000
0429  3044  	MOVLW 0x44
042A  00EF  	MOVWF i2c_WRITE_00000_arg_i2c_data
042B  20A5  	CALL i2c_WRITE_00000
042C  0851  	MOVF gbl_gBcdWhiteOnMinute, W
042D  00EF  	MOVWF i2c_WRITE_00000_arg_i2c_data
042E  20A5  	CALL i2c_WRITE_00000
042F  0852  	MOVF gbl_gBcdWhiteOnHour, W
0430  00EF  	MOVWF i2c_WRITE_00000_arg_i2c_data
0431  20A5  	CALL i2c_WRITE_00000
0432  0853  	MOVF gbl_gBcdWhiteOffMinute, W
0433  00EF  	MOVWF i2c_WRITE_00000_arg_i2c_data
0434  20A5  	CALL i2c_WRITE_00000
0435  0854  	MOVF gbl_gBcdWhiteOffHour, W
0436  00EF  	MOVWF i2c_WRITE_00000_arg_i2c_data
0437  20A5  	CALL i2c_WRITE_00000
0438  0855  	MOVF gbl_gBcdBlueOnMinute, W
0439  00EF  	MOVWF i2c_WRITE_00000_arg_i2c_data
043A  20A5  	CALL i2c_WRITE_00000
043B  0856  	MOVF gbl_gBcdBlueOnHour, W
043C  00EF  	MOVWF i2c_WRITE_00000_arg_i2c_data
043D  20A5  	CALL i2c_WRITE_00000
043E  0857  	MOVF gbl_gBcdBlueOffMinute, W
043F  00EF  	MOVWF i2c_WRITE_00000_arg_i2c_data
0440  20A5  	CALL i2c_WRITE_00000
0441  0858  	MOVF gbl_gBcdBlueOffHour, W
0442  00EF  	MOVWF i2c_WRITE_00000_arg_i2c_data
0443  20A5  	CALL i2c_WRITE_00000
0444  0859  	MOVF gbl_gBcdFanOnTemp, W
0445  00EF  	MOVWF i2c_WRITE_00000_arg_i2c_data
0446  20A5  	CALL i2c_WRITE_00000
0447  085A  	MOVF gbl_gBcdFanOffTemp, W
0448  00EF  	MOVWF i2c_WRITE_00000_arg_i2c_data
0449  20A5  	CALL i2c_WRITE_00000
044A  085B  	MOVF gbl_gBcdHeaterOnTemp, W
044B  00EF  	MOVWF i2c_WRITE_00000_arg_i2c_data
044C  20A5  	CALL i2c_WRITE_00000
044D  085C  	MOVF gbl_gBcdHeaterOffTemp, W
044E  00EF  	MOVWF i2c_WRITE_00000_arg_i2c_data
044F  20A5  	CALL i2c_WRITE_00000
0450  20F6  	CALL i2c_STOP_00000
0451  300A  	MOVLW 0x0A
0452  00EC  	MOVWF delay_ms_00000_arg_del
0453  2081  	CALL delay_ms_00000
0454  0008  	RETURN
0455        ; } at24c32WriteAll function end

	ORG 0x00000455
0455        at24c32Rea_0002A
0455        ; { at24c32ReadAll ; function begin
0455  2126  	CALL i2c_START_00000
0456  30AE  	MOVLW 0xAE
0457  00EF  	MOVWF i2c_WRITE_00000_arg_i2c_data
0458  20A5  	CALL i2c_WRITE_00000
0459  01EF  	CLRF i2c_WRITE_00000_arg_i2c_data
045A  20A5  	CALL i2c_WRITE_00000
045B  01EF  	CLRF i2c_WRITE_00000_arg_i2c_data
045C  20A5  	CALL i2c_WRITE_00000
045D  20F6  	CALL i2c_STOP_00000
045E  2126  	CALL i2c_START_00000
045F  30AF  	MOVLW 0xAF
0460  00EF  	MOVWF i2c_WRITE_00000_arg_i2c_data
0461  20A5  	CALL i2c_WRITE_00000
0462  01EF  	CLRF i2c_READ_00000_arg_ack_status
0463  218A  	CALL i2c_READ_00000
0464  0872  	MOVF CompTempVarRet553, W
0465  00ED  	MOVWF at24c32Rea_0002A_1_hasWritten
0466  086D  	MOVF at24c32Rea_0002A_1_hasWritten, W
0467  3A44  	XORLW 0x44
0468  1903  	BTFSC STATUS,Z
0469  2C6E  	GOTO	label79
046A  3001  	MOVLW 0x01
046B  00EF  	MOVWF i2c_READ_00000_arg_ack_status
046C  218A  	CALL i2c_READ_00000
046D  2C9F  	GOTO	label80
046E        label79
046E  01EF  	CLRF i2c_READ_00000_arg_ack_status
046F  218A  	CALL i2c_READ_00000
0470  0872  	MOVF CompTempVarRet553, W
0471  00D1  	MOVWF gbl_gBcdWhiteOnMinute
0472  01EF  	CLRF i2c_READ_00000_arg_ack_status
0473  218A  	CALL i2c_READ_00000
0474  0872  	MOVF CompTempVarRet553, W
0475  00D2  	MOVWF gbl_gBcdWhiteOnHour
0476  01EF  	CLRF i2c_READ_00000_arg_ack_status
0477  218A  	CALL i2c_READ_00000
0478  0872  	MOVF CompTempVarRet553, W
0479  00D3  	MOVWF gbl_gBcdWhiteOffMinute
047A  01EF  	CLRF i2c_READ_00000_arg_ack_status
047B  218A  	CALL i2c_READ_00000
047C  0872  	MOVF CompTempVarRet553, W
047D  00D4  	MOVWF gbl_gBcdWhiteOffHour
047E  01EF  	CLRF i2c_READ_00000_arg_ack_status
047F  218A  	CALL i2c_READ_00000
0480  0872  	MOVF CompTempVarRet553, W
0481  00D5  	MOVWF gbl_gBcdBlueOnMinute
0482  01EF  	CLRF i2c_READ_00000_arg_ack_status
0483  218A  	CALL i2c_READ_00000
0484  0872  	MOVF CompTempVarRet553, W
0485  00D6  	MOVWF gbl_gBcdBlueOnHour
0486  01EF  	CLRF i2c_READ_00000_arg_ack_status
0487  218A  	CALL i2c_READ_00000
0488  0872  	MOVF CompTempVarRet553, W
0489  00D7  	MOVWF gbl_gBcdBlueOffMinute
048A  01EF  	CLRF i2c_READ_00000_arg_ack_status
048B  218A  	CALL i2c_READ_00000
048C  0872  	MOVF CompTempVarRet553, W
048D  00D8  	MOVWF gbl_gBcdBlueOffHour
048E  01EF  	CLRF i2c_READ_00000_arg_ack_status
048F  218A  	CALL i2c_READ_00000
0490  0872  	MOVF CompTempVarRet553, W
0491  00D9  	MOVWF gbl_gBcdFanOnTemp
0492  01EF  	CLRF i2c_READ_00000_arg_ack_status
0493  218A  	CALL i2c_READ_00000
0494  0872  	MOVF CompTempVarRet553, W
0495  00DA  	MOVWF gbl_gBcdFanOffTemp
0496  01EF  	CLRF i2c_READ_00000_arg_ack_status
0497  218A  	CALL i2c_READ_00000
0498  0872  	MOVF CompTempVarRet553, W
0499  00DB  	MOVWF gbl_gBcdHeaterOnTemp
049A  3001  	MOVLW 0x01
049B  00EF  	MOVWF i2c_READ_00000_arg_ack_status
049C  218A  	CALL i2c_READ_00000
049D  0872  	MOVF CompTempVarRet553, W
049E  00DC  	MOVWF gbl_gBcdHeaterOffTemp
049F        label80
049F  20F6  	CALL i2c_STOP_00000
04A0  0008  	RETURN
04A1        ; } at24c32ReadAll function end

	ORG 0x000004A1
04A1        adjustTrig_00027
04A1        ; { adjustTrigger ; function begin
04A1  1283  	BCF STATUS, RP0
04A2  1303  	BCF STATUS, RP1
04A3  0850  	MOVF gbl_gcTriggerMode, W
04A4  3A01  	XORLW 0x01
04A5  1903  	BTFSC STATUS,Z
04A6  2CC9  	GOTO	label81
04A7  3A03  	XORLW 0x03
04A8  1903  	BTFSC STATUS,Z
04A9  2CD2  	GOTO	label82
04AA  3A01  	XORLW 0x01
04AB  1903  	BTFSC STATUS,Z
04AC  2CDB  	GOTO	label83
04AD  3A07  	XORLW 0x07
04AE  1903  	BTFSC STATUS,Z
04AF  2CE4  	GOTO	label84
04B0  3A01  	XORLW 0x01
04B1  1903  	BTFSC STATUS,Z
04B2  2CED  	GOTO	label85
04B3  3A03  	XORLW 0x03
04B4  1903  	BTFSC STATUS,Z
04B5  2CF6  	GOTO	label86
04B6  3A01  	XORLW 0x01
04B7  1903  	BTFSC STATUS,Z
04B8  2CFF  	GOTO	label87
04B9  3A0F  	XORLW 0x0F
04BA  1903  	BTFSC STATUS,Z
04BB  2D08  	GOTO	label88
04BC  3A01  	XORLW 0x01
04BD  1903  	BTFSC STATUS,Z
04BE  2D11  	GOTO	label89
04BF  3A03  	XORLW 0x03
04C0  1903  	BTFSC STATUS,Z
04C1  2D1B  	GOTO	label90
04C2  3A01  	XORLW 0x01
04C3  1903  	BTFSC STATUS,Z
04C4  2D2B  	GOTO	label92
04C5  3A07  	XORLW 0x07
04C6  1903  	BTFSC STATUS,Z
04C7  2D35  	GOTO	label93
04C8  0008  	RETURN
04C9        label81
04C9  0852  	MOVF gbl_gBcdWhiteOnHour, W
04CA  00EE  	MOVWF bcdAdjust_00000_arg_bcd
04CB  3023  	MOVLW 0x23
04CC  00EF  	MOVWF bcdAdjust_00000_arg_bcdMax
04CD  01F0  	CLRF bcdAdjust_00000_arg_bcdMin
04CE  21F2  	CALL bcdAdjust_00000
04CF  0871  	MOVF CompTempVarRet598, W
04D0  00D2  	MOVWF gbl_gBcdWhiteOnHour
04D1  0008  	RETURN
04D2        label82
04D2  0851  	MOVF gbl_gBcdWhiteOnMinute, W
04D3  00EE  	MOVWF bcdAdjust_00000_arg_bcd
04D4  3059  	MOVLW 0x59
04D5  00EF  	MOVWF bcdAdjust_00000_arg_bcdMax
04D6  01F0  	CLRF bcdAdjust_00000_arg_bcdMin
04D7  21F2  	CALL bcdAdjust_00000
04D8  0871  	MOVF CompTempVarRet598, W
04D9  00D1  	MOVWF gbl_gBcdWhiteOnMinute
04DA  0008  	RETURN
04DB        label83
04DB  0854  	MOVF gbl_gBcdWhiteOffHour, W
04DC  00EE  	MOVWF bcdAdjust_00000_arg_bcd
04DD  3023  	MOVLW 0x23
04DE  00EF  	MOVWF bcdAdjust_00000_arg_bcdMax
04DF  01F0  	CLRF bcdAdjust_00000_arg_bcdMin
04E0  21F2  	CALL bcdAdjust_00000
04E1  0871  	MOVF CompTempVarRet598, W
04E2  00D4  	MOVWF gbl_gBcdWhiteOffHour
04E3  0008  	RETURN
04E4        label84
04E4  0853  	MOVF gbl_gBcdWhiteOffMinute, W
04E5  00EE  	MOVWF bcdAdjust_00000_arg_bcd
04E6  3059  	MOVLW 0x59
04E7  00EF  	MOVWF bcdAdjust_00000_arg_bcdMax
04E8  01F0  	CLRF bcdAdjust_00000_arg_bcdMin
04E9  21F2  	CALL bcdAdjust_00000
04EA  0871  	MOVF CompTempVarRet598, W
04EB  00D3  	MOVWF gbl_gBcdWhiteOffMinute
04EC  0008  	RETURN
04ED        label85
04ED  0856  	MOVF gbl_gBcdBlueOnHour, W
04EE  00EE  	MOVWF bcdAdjust_00000_arg_bcd
04EF  3023  	MOVLW 0x23
04F0  00EF  	MOVWF bcdAdjust_00000_arg_bcdMax
04F1  01F0  	CLRF bcdAdjust_00000_arg_bcdMin
04F2  21F2  	CALL bcdAdjust_00000
04F3  0871  	MOVF CompTempVarRet598, W
04F4  00D6  	MOVWF gbl_gBcdBlueOnHour
04F5  0008  	RETURN
04F6        label86
04F6  0855  	MOVF gbl_gBcdBlueOnMinute, W
04F7  00EE  	MOVWF bcdAdjust_00000_arg_bcd
04F8  3059  	MOVLW 0x59
04F9  00EF  	MOVWF bcdAdjust_00000_arg_bcdMax
04FA  01F0  	CLRF bcdAdjust_00000_arg_bcdMin
04FB  21F2  	CALL bcdAdjust_00000
04FC  0871  	MOVF CompTempVarRet598, W
04FD  00D5  	MOVWF gbl_gBcdBlueOnMinute
04FE  0008  	RETURN
04FF        label87
04FF  0858  	MOVF gbl_gBcdBlueOffHour, W
0500  00EE  	MOVWF bcdAdjust_00000_arg_bcd
0501  3023  	MOVLW 0x23
0502  00EF  	MOVWF bcdAdjust_00000_arg_bcdMax
0503  01F0  	CLRF bcdAdjust_00000_arg_bcdMin
0504  21F2  	CALL bcdAdjust_00000
0505  0871  	MOVF CompTempVarRet598, W
0506  00D8  	MOVWF gbl_gBcdBlueOffHour
0507  0008  	RETURN
0508        label88
0508  0857  	MOVF gbl_gBcdBlueOffMinute, W
0509  00EE  	MOVWF bcdAdjust_00000_arg_bcd
050A  3059  	MOVLW 0x59
050B  00EF  	MOVWF bcdAdjust_00000_arg_bcdMax
050C  01F0  	CLRF bcdAdjust_00000_arg_bcdMin
050D  21F2  	CALL bcdAdjust_00000
050E  0871  	MOVF CompTempVarRet598, W
050F  00D7  	MOVWF gbl_gBcdBlueOffMinute
0510  0008  	RETURN
0511        label89
0511  0859  	MOVF gbl_gBcdFanOnTemp, W
0512  00EE  	MOVWF bcdAdjust_00000_arg_bcd
0513  3040  	MOVLW 0x40
0514  00EF  	MOVWF bcdAdjust_00000_arg_bcdMax
0515  3020  	MOVLW 0x20
0516  00F0  	MOVWF bcdAdjust_00000_arg_bcdMin
0517  21F2  	CALL bcdAdjust_00000
0518  0871  	MOVF CompTempVarRet598, W
0519  00D9  	MOVWF gbl_gBcdFanOnTemp
051A  0008  	RETURN
051B        label90
051B  085A  	MOVF gbl_gBcdFanOffTemp, W
051C  0259  	SUBWF gbl_gBcdFanOnTemp, W
051D  1803  	BTFSC STATUS,C
051E  2D21  	GOTO	label91
051F  0859  	MOVF gbl_gBcdFanOnTemp, W
0520  00DA  	MOVWF gbl_gBcdFanOffTemp
0521        label91
0521  085A  	MOVF gbl_gBcdFanOffTemp, W
0522  00EE  	MOVWF bcdAdjust_00000_arg_bcd
0523  0859  	MOVF gbl_gBcdFanOnTemp, W
0524  00EF  	MOVWF bcdAdjust_00000_arg_bcdMax
0525  3020  	MOVLW 0x20
0526  00F0  	MOVWF bcdAdjust_00000_arg_bcdMin
0527  21F2  	CALL bcdAdjust_00000
0528  0871  	MOVF CompTempVarRet598, W
0529  00DA  	MOVWF gbl_gBcdFanOffTemp
052A  0008  	RETURN
052B        label92
052B  085B  	MOVF gbl_gBcdHeaterOnTemp, W
052C  00EE  	MOVWF bcdAdjust_00000_arg_bcd
052D  3040  	MOVLW 0x40
052E  00EF  	MOVWF bcdAdjust_00000_arg_bcdMax
052F  3020  	MOVLW 0x20
0530  00F0  	MOVWF bcdAdjust_00000_arg_bcdMin
0531  21F2  	CALL bcdAdjust_00000
0532  0871  	MOVF CompTempVarRet598, W
0533  00DB  	MOVWF gbl_gBcdHeaterOnTemp
0534  0008  	RETURN
0535        label93
0535  085C  	MOVF gbl_gBcdHeaterOffTemp, W
0536  025B  	SUBWF gbl_gBcdHeaterOnTemp, W
0537  1803  	BTFSC STATUS,C
0538  2D3B  	GOTO	label94
0539  085C  	MOVF gbl_gBcdHeaterOffTemp, W
053A  00DB  	MOVWF gbl_gBcdHeaterOnTemp
053B        label94
053B  085C  	MOVF gbl_gBcdHeaterOffTemp, W
053C  00EE  	MOVWF bcdAdjust_00000_arg_bcd
053D  3040  	MOVLW 0x40
053E  00EF  	MOVWF bcdAdjust_00000_arg_bcdMax
053F  085B  	MOVF gbl_gBcdHeaterOnTemp, W
0540  00F0  	MOVWF bcdAdjust_00000_arg_bcdMin
0541  21F2  	CALL bcdAdjust_00000
0542  0871  	MOVF CompTempVarRet598, W
0543  00DC  	MOVWF gbl_gBcdHeaterOffTemp
0544  0008  	RETURN
0545        ; } adjustTrigger function end

	ORG 0x00000545
0545        adjustDate_00026
0545        ; { adjustDateTime ; function begin
0545  1283  	BCF STATUS, RP0
0546  1303  	BCF STATUS, RP1
0547  084F  	MOVF gbl_gcSetMode, W
0548  3A01  	XORLW 0x01
0549  1903  	BTFSC STATUS,Z
054A  2D5B  	GOTO	label95
054B  3A03  	XORLW 0x03
054C  1903  	BTFSC STATUS,Z
054D  2D64  	GOTO	label96
054E  3A01  	XORLW 0x01
054F  1903  	BTFSC STATUS,Z
0550  2D6E  	GOTO	label97
0551  3A07  	XORLW 0x07
0552  1903  	BTFSC STATUS,Z
0553  2DA5  	GOTO	label102
0554  3A01  	XORLW 0x01
0555  1903  	BTFSC STATUS,Z
0556  2DAF  	GOTO	label103
0557  3A03  	XORLW 0x03
0558  1903  	BTFSC STATUS,Z
0559  2DB8  	GOTO	label104
055A  0008  	RETURN
055B        label95
055B  083B  	MOVF gbl_gBcdYear, W
055C  00EE  	MOVWF bcdAdjust_00000_arg_bcd
055D  3099  	MOVLW 0x99
055E  00EF  	MOVWF bcdAdjust_00000_arg_bcdMax
055F  01F0  	CLRF bcdAdjust_00000_arg_bcdMin
0560  21F2  	CALL bcdAdjust_00000
0561  0871  	MOVF CompTempVarRet598, W
0562  00BB  	MOVWF gbl_gBcdYear
0563  0008  	RETURN
0564        label96
0564  083A  	MOVF gbl_gBcdMonth, W
0565  00EE  	MOVWF bcdAdjust_00000_arg_bcd
0566  3012  	MOVLW 0x12
0567  00EF  	MOVWF bcdAdjust_00000_arg_bcdMax
0568  3001  	MOVLW 0x01
0569  00F0  	MOVWF bcdAdjust_00000_arg_bcdMin
056A  21F2  	CALL bcdAdjust_00000
056B  0871  	MOVF CompTempVarRet598, W
056C  00BA  	MOVWF gbl_gBcdMonth
056D  0008  	RETURN
056E        label97
056E  083A  	MOVF gbl_gBcdMonth, W
056F  00EC  	MOVWF adjustDate_00026_1_iMonth
0570  30F0  	MOVLW 0xF0
0571  056C  	ANDWF adjustDate_00026_1_iMonth, W
0572  1903  	BTFSC STATUS,Z
0573  2D79  	GOTO	label98
0574  0E3A  	SWAPF gbl_gBcdMonth, W
0575  390F  	ANDLW 0x0F
0576  00EE  	MOVWF CompTempVar601
0577  086E  	MOVF CompTempVar601, W
0578  07EC  	ADDWF adjustDate_00026_1_iMonth, F
0579        label98
0579  03EC  	DECF adjustDate_00026_1_iMonth, F
057A  083C  	MOVF gbl_gDaysInMonth, W
057B  00F4  	MOVWF __rom_get_00000_arg_objNumb
057C  086C  	MOVF adjustDate_00026_1_iMonth, W
057D  00F5  	MOVWF __rom_get_00000_arg_idx
057E  201A  	CALL __rom_get_00000
057F  00ED  	MOVWF adjustDate_00026_1_bcdMaxDay
0580  036C  	DECF adjustDate_00026_1_iMonth, W
0581  118A  	BCF PCLATH,3
0582  120A  	BCF PCLATH,4
0583  1D03  	BTFSS STATUS,Z
0584  2D9B  	GOTO	label101
0585  01EE  	CLRF adjustDate_00026_16_i
0586        label99
0586  3018  	MOVLW 0x18
0587  026E  	SUBWF adjustDate_00026_16_i, W
0588  1803  	BTFSC STATUS,C
0589  2D9B  	GOTO	label101
058A  083D  	MOVF gbl_gLeapYears, W
058B  00F4  	MOVWF __rom_get_00000_arg_objNumb
058C  086E  	MOVF adjustDate_00026_16_i, W
058D  00F5  	MOVWF __rom_get_00000_arg_idx
058E  201A  	CALL __rom_get_00000
058F  00EF  	MOVWF CompTempVar602
0590  083B  	MOVF gbl_gBcdYear, W
0591  066F  	XORWF CompTempVar602, W
0592  118A  	BCF PCLATH,3
0593  120A  	BCF PCLATH,4
0594  1D03  	BTFSS STATUS,Z
0595  2D99  	GOTO	label100
0596  3029  	MOVLW 0x29
0597  00ED  	MOVWF adjustDate_00026_1_bcdMaxDay
0598  2D9B  	GOTO	label101
0599        label100
0599  0AEE  	INCF adjustDate_00026_16_i, F
059A  2D86  	GOTO	label99
059B        label101
059B  0839  	MOVF gbl_gBcdDayOfMonth, W
059C  00EE  	MOVWF bcdAdjust_00000_arg_bcd
059D  086D  	MOVF adjustDate_00026_1_bcdMaxDay, W
059E  00EF  	MOVWF bcdAdjust_00000_arg_bcdMax
059F  3001  	MOVLW 0x01
05A0  00F0  	MOVWF bcdAdjust_00000_arg_bcdMin
05A1  21F2  	CALL bcdAdjust_00000
05A2  0871  	MOVF CompTempVarRet598, W
05A3  00B9  	MOVWF gbl_gBcdDayOfMonth
05A4  0008  	RETURN
05A5        label102
05A5  0838  	MOVF gbl_gDayOfWeek, W
05A6  00EE  	MOVWF bcdAdjust_00000_arg_bcd
05A7  3007  	MOVLW 0x07
05A8  00EF  	MOVWF bcdAdjust_00000_arg_bcdMax
05A9  3001  	MOVLW 0x01
05AA  00F0  	MOVWF bcdAdjust_00000_arg_bcdMin
05AB  21F2  	CALL bcdAdjust_00000
05AC  0871  	MOVF CompTempVarRet598, W
05AD  00B8  	MOVWF gbl_gDayOfWeek
05AE  0008  	RETURN
05AF        label103
05AF  0837  	MOVF gbl_gBcdHour, W
05B0  00EE  	MOVWF bcdAdjust_00000_arg_bcd
05B1  3023  	MOVLW 0x23
05B2  00EF  	MOVWF bcdAdjust_00000_arg_bcdMax
05B3  01F0  	CLRF bcdAdjust_00000_arg_bcdMin
05B4  21F2  	CALL bcdAdjust_00000
05B5  0871  	MOVF CompTempVarRet598, W
05B6  00B7  	MOVWF gbl_gBcdHour
05B7  0008  	RETURN
05B8        label104
05B8  0836  	MOVF gbl_gBcdMinute, W
05B9  00EE  	MOVWF bcdAdjust_00000_arg_bcd
05BA  3059  	MOVLW 0x59
05BB  00EF  	MOVWF bcdAdjust_00000_arg_bcdMax
05BC  01F0  	CLRF bcdAdjust_00000_arg_bcdMin
05BD  21F2  	CALL bcdAdjust_00000
05BE  0871  	MOVF CompTempVarRet598, W
05BF  00B6  	MOVWF gbl_gBcdMinute
05C0  0008  	RETURN
05C1        ; } adjustDateTime function end

	ORG 0x000005C1
05C1        __mul_16s__0000F
05C1        ; { __mul_16s_16s__16 ; function begin
05C1  01F6  	CLRF __mul_16s__0000F_1_i
05C2  01F9  	CLRF CompTempVarRet389
05C3  01FA  	CLRF CompTempVarRet389+D'1'
05C4  0872  	MOVF __mul_16s__0000F_arg_a, W
05C5  00F7  	MOVWF __mul_16s__0000F_1_t
05C6  0873  	MOVF __mul_16s__0000F_arg_a+D'1', W
05C7  00F8  	MOVWF __mul_16s__0000F_1_t+D'1'
05C8  1FF5  	BTFSS __mul_16s__0000F_arg_b+D'1',7
05C9  2DD0  	GOTO	label105
05CA  17F6  	BSF __mul_16s__0000F_1_i,7
05CB  09F4  	COMF __mul_16s__0000F_arg_b, F
05CC  09F5  	COMF __mul_16s__0000F_arg_b+D'1', F
05CD  0AF4  	INCF __mul_16s__0000F_arg_b, F
05CE  1903  	BTFSC gbl_status,2
05CF  0AF5  	INCF __mul_16s__0000F_arg_b+D'1', F
05D0        label105
05D0  1A76  	BTFSC __mul_16s__0000F_1_i,4
05D1  2DE2  	GOTO	label107
05D2  1C74  	BTFSS __mul_16s__0000F_arg_b,0
05D3  2DDA  	GOTO	label106
05D4  0877  	MOVF __mul_16s__0000F_1_t, W
05D5  07F9  	ADDWF CompTempVarRet389, F
05D6  0878  	MOVF __mul_16s__0000F_1_t+D'1', W
05D7  1803  	BTFSC gbl_status,0
05D8  0F78  	INCFSZ __mul_16s__0000F_1_t+D'1', W
05D9  07FA  	ADDWF CompTempVarRet389+D'1', F
05DA        label106
05DA  1003  	BCF gbl_status,0
05DB  0CF5  	RRF __mul_16s__0000F_arg_b+D'1', F
05DC  0CF4  	RRF __mul_16s__0000F_arg_b, F
05DD  1003  	BCF gbl_status,0
05DE  0DF7  	RLF __mul_16s__0000F_1_t, F
05DF  0DF8  	RLF __mul_16s__0000F_1_t+D'1', F
05E0  0AF6  	INCF __mul_16s__0000F_1_i, F
05E1  2DD0  	GOTO	label105
05E2        label107
05E2  1FF6  	BTFSS __mul_16s__0000F_1_i,7
05E3  0008  	RETURN
05E4  09F9  	COMF CompTempVarRet389, F
05E5  09FA  	COMF CompTempVarRet389+D'1', F
05E6  0AF9  	INCF CompTempVarRet389, F
05E7  1903  	BTFSC gbl_status,2
05E8  0AFA  	INCF CompTempVarRet389+D'1', F
05E9  0008  	RETURN
05EA        ; } __mul_16s_16s__16 function end

	ORG 0x000005EA
05EA        tm1638Read_00024
05EA        ; { tm1638ReadKeys ; function begin
05EA  1283  	BCF STATUS, RP0
05EB  1303  	BCF STATUS, RP1
05EC  1186  	BCF gbl_portb,3
05ED  0862  	MOVF gbl_tm1638ByteReadData, W
05EE  00F0  	MOVWF tm1638Byte_0001F_arg_bWrite
05EF  215B  	CALL tm1638Byte_0001F
05F0  1683  	BSF STATUS, RP0
05F1  1486  	BSF gbl_trisb,1
05F2  3020  	MOVLW 0x20
05F3  1283  	BCF STATUS, RP0
05F4  00EC  	MOVWF tm1638Read_00024_1_tm1638K_00025
05F5  01ED  	CLRF tm1638Read_00024_2_i
05F6        label108
05F6  3020  	MOVLW 0x20
05F7  026D  	SUBWF tm1638Read_00024_2_i, W
05F8  1803  	BTFSC STATUS,C
05F9  2E06  	GOTO	label110
05FA  03EC  	DECF tm1638Read_00024_1_tm1638K_00025, F
05FB  1106  	BCF gbl_portb,2
05FC  3001  	MOVLW 0x01
05FD  00F2  	MOVWF delay_us_00000_arg_del
05FE  2010  	CALL delay_us_00000
05FF  1C86  	BTFSS gbl_portb,1
0600  2E03  	GOTO	label109
0601  1003  	BCF STATUS,C
0602  0DEC  	RLF tm1638Read_00024_1_tm1638K_00025, F
0603        label109
0603  1506  	BSF gbl_portb,2
0604  0AED  	INCF tm1638Read_00024_2_i, F
0605  2DF6  	GOTO	label108
0606        label110
0606  1683  	BSF STATUS, RP0
0607  1086  	BCF gbl_trisb,1
0608  1283  	BCF STATUS, RP0
0609  1586  	BSF gbl_portb,3
060A  086C  	MOVF tm1638Read_00024_1_tm1638K_00025, W
060B  00E5  	MOVWF gbl_tm1638Keys
060C  0008  	RETURN
060D        ; } tm1638ReadKeys function end

	ORG 0x0000060D
060D        startTemp_00000
060D        ; { startTemp ; function begin
060D  30CC  	MOVLW 0xCC
060E  1283  	BCF STATUS, RP0
060F  1303  	BCF STATUS, RP1
0610  00EC  	MOVWF oneWireTxB_00019_arg_cData
0611  3044  	MOVLW 0x44
0612  00ED  	MOVWF oneWireTxB_00019_arg_cData2
0613  23AD  	CALL oneWireTxB_00019
0614  0008  	RETURN
0615        ; } startTemp function end

	ORG 0x00000615
0615        readTemp_00000
0615        ; { readTemp ; function begin
0615  30CC  	MOVLW 0xCC
0616  1283  	BCF STATUS, RP0
0617  1303  	BCF STATUS, RP1
0618  00EC  	MOVWF oneWireTxB_00019_arg_cData
0619  30BE  	MOVLW 0xBE
061A  00ED  	MOVWF oneWireTxB_00019_arg_cData2
061B  23AD  	CALL oneWireTxB_00019
061C  23B4  	CALL oneWireRxB_0001A
061D  086D  	MOVF CompTempVarRet551, W
061E  00CA  	MOVWF gbl_cTempL
061F  23B4  	CALL oneWireRxB_0001A
0620  086D  	MOVF CompTempVarRet551, W
0621  00C9  	MOVWF gbl_cTempH
0622  0008  	RETURN
0623        ; } readTemp function end

	ORG 0x00000623
0623        processKey_00028
0623        ; { processKeys ; function begin
0623  1283  	BCF STATUS, RP0
0624  1303  	BCF STATUS, RP1
0625  0865  	MOVF gbl_tm1638Keys, W
0626  3A1F  	XORLW 0x1F
0627  1903  	BTFSC STATUS,Z
0628  2E3F  	GOTO	label111
0629  3A08  	XORLW 0x08
062A  1903  	BTFSC STATUS,Z
062B  2E47  	GOTO	label112
062C  3A18  	XORLW 0x18
062D  1903  	BTFSC STATUS,Z
062E  2E4F  	GOTO	label113
062F  3A08  	XORLW 0x08
0630  1903  	BTFSC STATUS,Z
0631  2E57  	GOTO	label114
0632  3A1C  	XORLW 0x1C
0633  1903  	BTFSC STATUS,Z
0634  2E5F  	GOTO	label115
0635  3A08  	XORLW 0x08
0636  1903  	BTFSC STATUS,Z
0637  2E68  	GOTO	label116
0638  3A18  	XORLW 0x18
0639  1903  	BTFSC STATUS,Z
063A  2E72  	GOTO	label118
063B  3A08  	XORLW 0x08
063C  1903  	BTFSC STATUS,Z
063D  2E7D  	GOTO	label120
063E  0008  	RETURN
063F        label111
063F  01EC  	CLRF CompTempVar603
0640  1C87  	BTFSS gbl_portc,1
0641  0AEC  	INCF CompTempVar603, F
0642  186C  	BTFSC CompTempVar603,0
0643  1487  	BSF gbl_portc,1
0644  1C6C  	BTFSS CompTempVar603,0
0645  1087  	BCF gbl_portc,1
0646  0008  	RETURN
0647        label112
0647  01EC  	CLRF CompTempVar604
0648  1D07  	BTFSS gbl_portc,2
0649  0AEC  	INCF CompTempVar604, F
064A  186C  	BTFSC CompTempVar604,0
064B  1507  	BSF gbl_portc,2
064C  1C6C  	BTFSS CompTempVar604,0
064D  1107  	BCF gbl_portc,2
064E  0008  	RETURN
064F        label113
064F  01EC  	CLRF CompTempVar605
0650  1D4D  	BTFSS gbl_gbFanOn,2
0651  0AEC  	INCF CompTempVar605, F
0652  114D  	BCF gbl_gbFanOn,2
0653  086C  	MOVF CompTempVar605, W
0654  1D03  	BTFSS STATUS,Z
0655  154D  	BSF gbl_gbFanOn,2
0656  0008  	RETURN
0657        label114
0657  01CF  	CLRF gbl_gcSetMode
0658  01D0  	CLRF gbl_gcTriggerMode
0659  0ACE  	INCF gbl_gcDisplayMode, F
065A  084E  	MOVF gbl_gcDisplayMode, W
065B  3C02  	SUBLW 0x02
065C  1C03  	BTFSS STATUS,C
065D  01CE  	CLRF gbl_gcDisplayMode
065E  0008  	RETURN
065F        label115
065F  01D0  	CLRF gbl_gcTriggerMode
0660  0ACF  	INCF gbl_gcSetMode, F
0661  084F  	MOVF gbl_gcSetMode, W
0662  3C06  	SUBLW 0x06
0663  1803  	BTFSC STATUS,C
0664  0008  	RETURN
0665  23E5  	CALL ds3231Writ_0001C
0666  01CF  	CLRF gbl_gcSetMode
0667  0008  	RETURN
0668        label116
0668  01E9  	CLRF gbl_iBcdAdjustment
0669  08CF  	MOVF gbl_gcSetMode, F
066A  1903  	BTFSC STATUS,Z
066B  2E6E  	GOTO	label117
066C  2545  	CALL adjustDate_00026
066D  0008  	RETURN
066E        label117
066E  08D0  	MOVF gbl_gcTriggerMode, F
066F  1D03  	BTFSS STATUS,Z
0670  24A1  	CALL adjustTrig_00027
0671  0008  	RETURN
0672        label118
0672  3001  	MOVLW 0x01
0673  00E9  	MOVWF gbl_iBcdAdjustment
0674  08CF  	MOVF gbl_gcSetMode, F
0675  1903  	BTFSC STATUS,Z
0676  2E79  	GOTO	label119
0677  2545  	CALL adjustDate_00026
0678  0008  	RETURN
0679        label119
0679  08D0  	MOVF gbl_gcTriggerMode, F
067A  1D03  	BTFSS STATUS,Z
067B  24A1  	CALL adjustTrig_00027
067C  0008  	RETURN
067D        label120
067D  01CF  	CLRF gbl_gcSetMode
067E  0AD0  	INCF gbl_gcTriggerMode, F
067F  0850  	MOVF gbl_gcTriggerMode, W
0680  3C0C  	SUBLW 0x0C
0681  1803  	BTFSC STATUS,C
0682  0008  	RETURN
0683  01D0  	CLRF gbl_gcTriggerMode
0684  2421  	CALL at24c32Wri_00029
0685  0008  	RETURN
0686        ; } processKeys function end

	ORG 0x00000686
0686        oneWireBus_00017
0686        ; { oneWireBusReset ; function begin
0686  1683  	BSF STATUS, RP0
0687  1303  	BCF STATUS, RP1
0688  1687  	BSF gbl_trisc,5
0689  1283  	BCF STATUS, RP0
068A  01EC  	CLRF oneWireBus_00017_1_isPresent
068B  1287  	BCF gbl_portc,5
068C  1683  	BSF STATUS, RP0
068D  1287  	BCF gbl_trisc,5
068E  3032  	MOVLW 0x32
068F  1283  	BCF STATUS, RP0
0690  00F1  	MOVWF delay_10us_00000_arg_del
0691  2077  	CALL delay_10us_00000
0692  1683  	BSF STATUS, RP0
0693  1687  	BSF gbl_trisc,5
0694  3007  	MOVLW 0x07
0695  1283  	BCF STATUS, RP0
0696  00F1  	MOVWF delay_10us_00000_arg_del
0697  2077  	CALL delay_10us_00000
0698  1A87  	BTFSC gbl_portc,5
0699  01EA  	CLRF gbl_oneWireIsPresent
069A  3032  	MOVLW 0x32
069B  00F1  	MOVWF delay_10us_00000_arg_del
069C  2077  	CALL delay_10us_00000
069D  0008  	RETURN
069E        ; } oneWireBusReset function end

	ORG 0x0000069E
069E        initialise_00000
069E        ; { initialise ; function begin
069E  1683  	BSF STATUS, RP0
069F  1303  	BCF STATUS, RP1
06A0  0185  	CLRF gbl_trisa
06A1  1283  	BCF STATUS, RP0
06A2  0185  	CLRF gbl_porta
06A3  1683  	BSF STATUS, RP0
06A4  0186  	CLRF gbl_trisb
06A5  300E  	MOVLW 0x0E
06A6  1283  	BCF STATUS, RP0
06A7  0086  	MOVWF gbl_portb
06A8  3021  	MOVLW 0x21
06A9  1683  	BSF STATUS, RP0
06AA  0087  	MOVWF gbl_trisc
06AB  3038  	MOVLW 0x38
06AC  1283  	BCF STATUS, RP0
06AD  0087  	MOVWF gbl_portc
06AE  1683  	BSF STATUS, RP0
06AF  0181  	CLRF gbl_option_reg
06B0  1781  	BSF gbl_option_reg,7
06B1  3007  	MOVLW 0x07
06B2  009F  	MOVWF gbl_adcon1
06B3  1501  	BSF gbl_option_reg,2
06B4  1481  	BSF gbl_option_reg,1
06B5  1401  	BSF gbl_option_reg,0
06B6  303D  	MOVLW 0x3D
06B7  1283  	BCF STATUS, RP0
06B8  0081  	MOVWF gbl_tmr0
06B9  110B  	BCF gbl_intcon,2
06BA  168B  	BSF gbl_intcon,5
06BB  3007  	MOVLW 0x07
06BC  0090  	MOVWF gbl_t1con
06BD  30FF  	MOVLW 0xFF
06BE  008F  	MOVWF gbl_tmr1h
06BF  008E  	MOVWF gbl_tmr1l
06C0  1683  	BSF STATUS, RP0
06C1  140C  	BSF gbl_pie1,0
06C2  1283  	BCF STATUS, RP0
06C3  01CC  	CLRF gbl_cTask
06C4  178B  	BSF gbl_intcon,7
06C5  170B  	BSF gbl_intcon,6
06C6  3001  	MOVLW 0x01
06C7  00ED  	MOVWF i2c_INIT_00000_arg_i2c_divisor
06C8  23D2  	CALL i2c_INIT_00000
06C9  2455  	CALL at24c32Rea_0002A
06CA  300F  	MOVLW 0x0F
06CB  00ED  	MOVWF ds3231Read_0001E_arg_cRegAddress
06CC  2401  	CALL ds3231Read_0001E
06CD  086F  	MOVF CompTempVarRet554, W
06CE  00EC  	MOVWF initialise_00000_1_cStatus
06CF  1FEC  	BTFSS initialise_00000_1_cStatus,7
06D0  2ED3  	GOTO	label121
06D1  2416  	CALL ds3231Init_00000
06D2  23E5  	CALL ds3231Writ_0001C
06D3        label121
06D3  23A5  	CALL tm1638Disp_00021
06D4  221C  	CALL tm1638Upda_00022
06D5  0008  	RETURN
06D6        ; } initialise function end

	ORG 0x000006D6
06D6        ds3231Read_0001D
06D6        ; { ds3231ReadDateTime ; function begin
06D6  2126  	CALL i2c_START_00000
06D7  30D0  	MOVLW 0xD0
06D8  00EF  	MOVWF i2c_WRITE_00000_arg_i2c_data
06D9  20A5  	CALL i2c_WRITE_00000
06DA  01EF  	CLRF i2c_WRITE_00000_arg_i2c_data
06DB  20A5  	CALL i2c_WRITE_00000
06DC  20F6  	CALL i2c_STOP_00000
06DD  2126  	CALL i2c_START_00000
06DE  30D1  	MOVLW 0xD1
06DF  00EF  	MOVWF i2c_WRITE_00000_arg_i2c_data
06E0  20A5  	CALL i2c_WRITE_00000
06E1  01EF  	CLRF i2c_READ_00000_arg_ack_status
06E2  218A  	CALL i2c_READ_00000
06E3  0872  	MOVF CompTempVarRet553, W
06E4  00B5  	MOVWF gbl_gBcdSecond
06E5  01EF  	CLRF i2c_READ_00000_arg_ack_status
06E6  218A  	CALL i2c_READ_00000
06E7  0872  	MOVF CompTempVarRet553, W
06E8  00B6  	MOVWF gbl_gBcdMinute
06E9  01EF  	CLRF i2c_READ_00000_arg_ack_status
06EA  218A  	CALL i2c_READ_00000
06EB  0872  	MOVF CompTempVarRet553, W
06EC  00B7  	MOVWF gbl_gBcdHour
06ED  01EF  	CLRF i2c_READ_00000_arg_ack_status
06EE  218A  	CALL i2c_READ_00000
06EF  0872  	MOVF CompTempVarRet553, W
06F0  00B8  	MOVWF gbl_gDayOfWeek
06F1  01EF  	CLRF i2c_READ_00000_arg_ack_status
06F2  218A  	CALL i2c_READ_00000
06F3  0872  	MOVF CompTempVarRet553, W
06F4  00B9  	MOVWF gbl_gBcdDayOfMonth
06F5  01EF  	CLRF i2c_READ_00000_arg_ack_status
06F6  218A  	CALL i2c_READ_00000
06F7  0872  	MOVF CompTempVarRet553, W
06F8  00BA  	MOVWF gbl_gBcdMonth
06F9  3001  	MOVLW 0x01
06FA  00EF  	MOVWF i2c_READ_00000_arg_ack_status
06FB  218A  	CALL i2c_READ_00000
06FC  0872  	MOVF CompTempVarRet553, W
06FD  00BB  	MOVWF gbl_gBcdYear
06FE  20F6  	CALL i2c_STOP_00000
06FF  0008  	RETURN
0700        ; } ds3231ReadDateTime function end

	ORG 0x00000700
0700        convertTem_0002B
0700        ; { convertTemp ; function begin
0700  1283  	BCF STATUS, RP0
0701  1303  	BCF STATUS, RP1
0702  01EC  	CLRF convertTem_0002B_1_iTemp
0703  0849  	MOVF gbl_cTempH, W
0704  00ED  	MOVWF convertTem_0002B_1_iTemp+D'1'
0705  084A  	MOVF gbl_cTempL, W
0706  04EC  	IORWF convertTem_0002B_1_iTemp, F
0707  01CB  	CLRF gbl_gbDS3231IsMinus
0708  1BED  	BTFSC convertTem_0002B_1_iTemp+D'1',7
0709  0ACB  	INCF gbl_gbDS3231IsMinus, F
070A  08CB  	MOVF gbl_gbDS3231IsMinus, F
070B  1903  	BTFSC STATUS,Z
070C  2F12  	GOTO	label122
070D  09EC  	COMF convertTem_0002B_1_iTemp, F
070E  09ED  	COMF convertTem_0002B_1_iTemp+D'1', F
070F  0AEC  	INCF convertTem_0002B_1_iTemp, F
0710  1903  	BTFSC STATUS,Z
0711  0AED  	INCF convertTem_0002B_1_iTemp+D'1', F
0712        label122
0712  3006  	MOVLW 0x06
0713  00F2  	MOVWF __mul_16s__0000F_arg_a
0714  01F3  	CLRF __mul_16s__0000F_arg_a+D'1'
0715  086C  	MOVF convertTem_0002B_1_iTemp, W
0716  00F4  	MOVWF __mul_16s__0000F_arg_b
0717  086D  	MOVF convertTem_0002B_1_iTemp+D'1', W
0718  00F5  	MOVWF __mul_16s__0000F_arg_b+D'1'
0719  25C1  	CALL __mul_16s__0000F
071A  0879  	MOVF CompTempVarRet389, W
071B  00EE  	MOVWF convertTem_0002B_1_iValue
071C  087A  	MOVF CompTempVarRet389+D'1', W
071D  00F1  	MOVWF CompTempVar613
071E  086C  	MOVF convertTem_0002B_1_iTemp, W
071F  00F0  	MOVWF CompTempVar610
0720  086D  	MOVF convertTem_0002B_1_iTemp+D'1', W
0721  00EF  	MOVWF convertTem_0002B_1_iValue+D'1'
0722  0D6D  	RLF convertTem_0002B_1_iTemp+D'1', W
0723  0CEF  	RRF convertTem_0002B_1_iValue+D'1', F
0724  0CF0  	RRF CompTempVar610, F
0725  0D6D  	RLF convertTem_0002B_1_iTemp+D'1', W
0726  0CEF  	RRF convertTem_0002B_1_iValue+D'1', F
0727  0CF0  	RRF CompTempVar610, F
0728  0870  	MOVF CompTempVar610, W
0729  07EE  	ADDWF convertTem_0002B_1_iValue, F
072A  0871  	MOVF CompTempVar613, W
072B  1803  	BTFSC STATUS,C
072C  0AEF  	INCF convertTem_0002B_1_iValue+D'1', F
072D  07EF  	ADDWF convertTem_0002B_1_iValue+D'1', F
072E  01B3  	CLRF gbl_giDS3231ValueBCD
072F  01B4  	CLRF gbl_giDS3231ValueBCD+D'1'
0730        label123
0730  3003  	MOVLW 0x03
0731  026F  	SUBWF convertTem_0002B_1_iValue+D'1', W
0732  1D03  	BTFSS STATUS,Z
0733  2F36  	GOTO	label124
0734  30E8  	MOVLW 0xE8
0735  026E  	SUBWF convertTem_0002B_1_iValue, W
0736        label124
0736  1C03  	BTFSS STATUS,C
0737  2F43  	GOTO	label125
0738  1BEF  	BTFSC convertTem_0002B_1_iValue+D'1',7
0739  2F43  	GOTO	label125
073A  30E8  	MOVLW 0xE8
073B  02EE  	SUBWF convertTem_0002B_1_iValue, F
073C  3003  	MOVLW 0x03
073D  1C03  	BTFSS STATUS,C
073E  03EF  	DECF convertTem_0002B_1_iValue+D'1', F
073F  02EF  	SUBWF convertTem_0002B_1_iValue+D'1', F
0740  3010  	MOVLW 0x10
0741  07B4  	ADDWF gbl_giDS3231ValueBCD+D'1', F
0742  2F30  	GOTO	label123
0743        label125
0743  086F  	MOVF convertTem_0002B_1_iValue+D'1', W
0744  3A80  	XORLW 0x80
0745  00F2  	MOVWF CompTempVar621
0746  3080  	MOVLW 0x80
0747  0272  	SUBWF CompTempVar621, W
0748  1D03  	BTFSS STATUS,Z
0749  2F4C  	GOTO	label126
074A  3064  	MOVLW 0x64
074B  026E  	SUBWF convertTem_0002B_1_iValue, W
074C        label126
074C  1C03  	BTFSS STATUS,C
074D  2F54  	GOTO	label127
074E  3064  	MOVLW 0x64
074F  02EE  	SUBWF convertTem_0002B_1_iValue, F
0750  1C03  	BTFSS STATUS,C
0751  03EF  	DECF convertTem_0002B_1_iValue+D'1', F
0752  0AB4  	INCF gbl_giDS3231ValueBCD+D'1', F
0753  2F43  	GOTO	label125
0754        label127
0754  086F  	MOVF convertTem_0002B_1_iValue+D'1', W
0755  3A80  	XORLW 0x80
0756  00F2  	MOVWF CompTempVar622
0757  3080  	MOVLW 0x80
0758  0272  	SUBWF CompTempVar622, W
0759  1D03  	BTFSS STATUS,Z
075A  2F5D  	GOTO	label128
075B  300A  	MOVLW 0x0A
075C  026E  	SUBWF convertTem_0002B_1_iValue, W
075D        label128
075D  1C03  	BTFSS STATUS,C
075E  2F68  	GOTO	label129
075F  300A  	MOVLW 0x0A
0760  02EE  	SUBWF convertTem_0002B_1_iValue, F
0761  1C03  	BTFSS STATUS,C
0762  03EF  	DECF convertTem_0002B_1_iValue+D'1', F
0763  3010  	MOVLW 0x10
0764  07B3  	ADDWF gbl_giDS3231ValueBCD, F
0765  1803  	BTFSC STATUS,C
0766  0AB4  	INCF gbl_giDS3231ValueBCD+D'1', F
0767  2F54  	GOTO	label127
0768        label129
0768  086E  	MOVF convertTem_0002B_1_iValue, W
0769  07B3  	ADDWF gbl_giDS3231ValueBCD, F
076A  086F  	MOVF convertTem_0002B_1_iValue+D'1', W
076B  1803  	BTFSC STATUS,C
076C  0AB4  	INCF gbl_giDS3231ValueBCD+D'1', F
076D  07B4  	ADDWF gbl_giDS3231ValueBCD+D'1', F
076E  0008  	RETURN
076F        ; } convertTemp function end

	ORG 0x0000076F
076F        main
076F        ; { main ; function begin
076F  269E  	CALL initialise_00000
0770        label130
0770  084C  	MOVF gbl_cTask, W
0771  3C00  	SUBLW 0x00
0772  1803  	BTFSC STATUS,C
0773  2F70  	GOTO	label130
0774  1D4C  	BTFSS gbl_cTask,2
0775  2FE6  	GOTO	label144
0776  08CF  	MOVF gbl_gcSetMode, F
0777  1D03  	BTFSS STATUS,Z
0778  2F8F  	GOTO	label134
0779  26D6  	CALL ds3231Read_0001D
077A  0835  	MOVF gbl_gBcdSecond, W
077B  3A29  	XORLW 0x29
077C  1903  	BTFSC STATUS,Z
077D  2F82  	GOTO	label131
077E  0835  	MOVF gbl_gBcdSecond, W
077F  3A59  	XORLW 0x59
0780  1D03  	BTFSS STATUS,Z
0781  2F85  	GOTO	label132
0782        label131
0782  2686  	CALL oneWireBus_00017
0783  260D  	CALL startTemp_00000
0784  2F8F  	GOTO	label134
0785        label132
0785  08B5  	MOVF gbl_gBcdSecond, F
0786  1903  	BTFSC STATUS,Z
0787  2F8C  	GOTO	label133
0788  0835  	MOVF gbl_gBcdSecond, W
0789  3A30  	XORLW 0x30
078A  1D03  	BTFSS STATUS,Z
078B  2F8F  	GOTO	label134
078C        label133
078C  2686  	CALL oneWireBus_00017
078D  2615  	CALL readTemp_00000
078E  2700  	CALL convertTem_0002B
078F        label134
078F  08D0  	MOVF gbl_gcTriggerMode, F
0790  1D03  	BTFSS STATUS,Z
0791  2FDE  	GOTO	label142
0792  0854  	MOVF gbl_gBcdWhiteOffHour, W
0793  0652  	XORWF gbl_gBcdWhiteOnHour, W
0794  1D03  	BTFSS STATUS,Z
0795  2F9A  	GOTO	label135
0796  0853  	MOVF gbl_gBcdWhiteOffMinute, W
0797  0651  	XORWF gbl_gBcdWhiteOnMinute, W
0798  1903  	BTFSC STATUS,Z
0799  2FAA  	GOTO	label137
079A        label135
079A  0852  	MOVF gbl_gBcdWhiteOnHour, W
079B  0637  	XORWF gbl_gBcdHour, W
079C  1D03  	BTFSS STATUS,Z
079D  2FA2  	GOTO	label136
079E  0851  	MOVF gbl_gBcdWhiteOnMinute, W
079F  0636  	XORWF gbl_gBcdMinute, W
07A0  1903  	BTFSC STATUS,Z
07A1  1487  	BSF gbl_portc,1
07A2        label136
07A2  0854  	MOVF gbl_gBcdWhiteOffHour, W
07A3  0637  	XORWF gbl_gBcdHour, W
07A4  1D03  	BTFSS STATUS,Z
07A5  2FAA  	GOTO	label137
07A6  0853  	MOVF gbl_gBcdWhiteOffMinute, W
07A7  0636  	XORWF gbl_gBcdMinute, W
07A8  1903  	BTFSC STATUS,Z
07A9  1087  	BCF gbl_portc,1
07AA        label137
07AA  0858  	MOVF gbl_gBcdBlueOffHour, W
07AB  0656  	XORWF gbl_gBcdBlueOnHour, W
07AC  1D03  	BTFSS STATUS,Z
07AD  2FB2  	GOTO	label138
07AE  0857  	MOVF gbl_gBcdBlueOffMinute, W
07AF  0655  	XORWF gbl_gBcdBlueOnMinute, W
07B0  1903  	BTFSC STATUS,Z
07B1  2FC2  	GOTO	label140
07B2        label138
07B2  0856  	MOVF gbl_gBcdBlueOnHour, W
07B3  0637  	XORWF gbl_gBcdHour, W
07B4  1D03  	BTFSS STATUS,Z
07B5  2FBA  	GOTO	label139
07B6  0855  	MOVF gbl_gBcdBlueOnMinute, W
07B7  0636  	XORWF gbl_gBcdMinute, W
07B8  1903  	BTFSC STATUS,Z
07B9  1507  	BSF gbl_portc,2
07BA        label139
07BA  0858  	MOVF gbl_gBcdBlueOffHour, W
07BB  0637  	XORWF gbl_gBcdHour, W
07BC  1D03  	BTFSS STATUS,Z
07BD  2FC2  	GOTO	label140
07BE  0857  	MOVF gbl_gBcdBlueOffMinute, W
07BF  0636  	XORWF gbl_gBcdMinute, W
07C0  1903  	BTFSC STATUS,Z
07C1  1107  	BCF gbl_portc,2
07C2        label140
07C2  0834  	MOVF gbl_giDS3231ValueBCD+D'1', W
07C3  00EC  	MOVWF main_26_cTempTruncated
07C4  085A  	MOVF gbl_gBcdFanOffTemp, W
07C5  0659  	XORWF gbl_gBcdFanOnTemp, W
07C6  1903  	BTFSC STATUS,Z
07C7  2FD0  	GOTO	label141
07C8  0859  	MOVF gbl_gBcdFanOnTemp, W
07C9  026C  	SUBWF main_26_cTempTruncated, W
07CA  1803  	BTFSC STATUS,C
07CB  1485  	BSF gbl_porta,1
07CC  086C  	MOVF main_26_cTempTruncated, W
07CD  025A  	SUBWF gbl_gBcdFanOffTemp, W
07CE  1803  	BTFSC STATUS,C
07CF  1085  	BCF gbl_porta,1
07D0        label141
07D0  194D  	BTFSC gbl_gbFanOn,2
07D1  1485  	BSF gbl_porta,1
07D2  085C  	MOVF gbl_gBcdHeaterOffTemp, W
07D3  065B  	XORWF gbl_gBcdHeaterOnTemp, W
07D4  1903  	BTFSC STATUS,Z
07D5  2FDE  	GOTO	label142
07D6  086C  	MOVF main_26_cTempTruncated, W
07D7  025B  	SUBWF gbl_gBcdHeaterOnTemp, W
07D8  1803  	BTFSC STATUS,C
07D9  1405  	BSF gbl_porta,0
07DA  085C  	MOVF gbl_gBcdHeaterOffTemp, W
07DB  026C  	SUBWF main_26_cTempTruncated, W
07DC  1803  	BTFSC STATUS,C
07DD  1005  	BCF gbl_porta,0
07DE        label142
07DE  08D0  	MOVF gbl_gcTriggerMode, F
07DF  1D03  	BTFSS STATUS,Z
07E0  2FE5  	GOTO	label143
07E1  08CF  	MOVF gbl_gcSetMode, F
07E2  1D03  	BTFSS STATUS,Z
07E3  2FE5  	GOTO	label143
07E4  221C  	CALL tm1638Upda_00022
07E5        label143
07E5  114C  	BCF gbl_cTask,2
07E6        label144
07E6  1CCC  	BTFSS gbl_cTask,1
07E7  2F70  	GOTO	label130
07E8  083E  	MOVF gbl_iTimer0Counts, W
07E9  3C09  	SUBLW 0x09
07EA  1803  	BTFSC STATUS,C
07EB  2FF4  	GOTO	label146
07EC  0ABF  	INCF gbl_iFlashDigitOff, F
07ED  01BE  	CLRF gbl_iTimer0Counts
07EE  08CF  	MOVF gbl_gcSetMode, F
07EF  1D03  	BTFSS STATUS,Z
07F0  2FF3  	GOTO	label145
07F1  08D0  	MOVF gbl_gcTriggerMode, F
07F2  1D03  	BTFSS STATUS,Z
07F3        label145
07F3  221C  	CALL tm1638Upda_00022
07F4        label146
07F4  25EA  	CALL tm1638Read_00024
07F5  0866  	MOVF gbl_tm1638KeysOld, W
07F6  0665  	XORWF gbl_tm1638Keys, W
07F7  1903  	BTFSC STATUS,Z
07F8  2FFD  	GOTO	label147
07F9  2623  	CALL processKey_00028
07FA  221C  	CALL tm1638Upda_00022
07FB  0865  	MOVF gbl_tm1638Keys, W
07FC  00E6  	MOVWF gbl_tm1638KeysOld
07FD        label147
07FD  10CC  	BCF gbl_cTask,1
07FE  2F70  	GOTO	label130
07FF        ; } main function end

	ORG 0x000007FF
07FF        _startup
07FF  1283  	BCF STATUS, RP0
0800  1303  	BCF STATUS, RP1
0801  01B5  	CLRF gbl_gBcdSecond
0802  01B6  	CLRF gbl_gBcdMinute
0803  01B7  	CLRF gbl_gBcdHour
0804  3001  	MOVLW 0x01
0805  00B8  	MOVWF gbl_gDayOfWeek
0806  3001  	MOVLW 0x01
0807  00B9  	MOVWF gbl_gBcdDayOfMonth
0808  3001  	MOVLW 0x01
0809  00BA  	MOVWF gbl_gBcdMonth
080A  3023  	MOVLW 0x23
080B  00BB  	MOVWF gbl_gBcdYear
080C  3000  	MOVLW 0x00
080D  00BC  	MOVWF gbl_gDaysInMonth
080E  3001  	MOVLW 0x01
080F  00BD  	MOVWF gbl_gLeapYears
0810  01BE  	CLRF gbl_iTimer0Counts
0811  01BF  	CLRF gbl_iFlashDigitOff
0812  3008  	MOVLW 0x08
0813  00C8  	MOVWF gbl_iDigitToFlash
0814  3001  	MOVLW 0x01
0815  00C9  	MOVWF gbl_cTempH
0816  3046  	MOVLW 0x46
0817  00CA  	MOVWF gbl_cTempL
0818  01B3  	CLRF gbl_giDS3231ValueBCD
0819  3020  	MOVLW 0x20
081A  00B4  	MOVWF gbl_giDS3231ValueBCD+D'1'
081B  01CB  	CLRF gbl_gbDS3231IsMinus
081C  01CC  	CLRF gbl_cTask
081D  104D  	BCF gbl_gbWhiteOn,0
081E  10CD  	BCF gbl_gbBlueOn,1
081F  114D  	BCF gbl_gbFanOn,2
0820  11CD  	BCF gbl_gbHeaterOn,3
0821  124D  	BCF gbl_gbFlashOff,4
0822  01CE  	CLRF gbl_gcDisplayMode
0823  01CF  	CLRF gbl_gcSetMode
0824  01D0  	CLRF gbl_gcTriggerMode
0825  01D1  	CLRF gbl_gBcdWhiteOnMinute
0826  01D2  	CLRF gbl_gBcdWhiteOnHour
0827  01D3  	CLRF gbl_gBcdWhiteOffMinute
0828  01D4  	CLRF gbl_gBcdWhiteOffHour
0829  01D5  	CLRF gbl_gBcdBlueOnMinute
082A  01D6  	CLRF gbl_gBcdBlueOnHour
082B  01D7  	CLRF gbl_gBcdBlueOffMinute
082C  01D8  	CLRF gbl_gBcdBlueOffHour
082D  3028  	MOVLW 0x28
082E  00D9  	MOVWF gbl_gBcdFanOnTemp
082F  3027  	MOVLW 0x27
0830  00DA  	MOVWF gbl_gBcdFanOffTemp
0831  3024  	MOVLW 0x24
0832  00DB  	MOVWF gbl_gBcdHeaterOnTemp
0833  3025  	MOVLW 0x25
0834  00DC  	MOVWF gbl_gBcdHeaterOffTemp
0835  3008  	MOVLW 0x08
0836  00DD  	MOVWF gbl_tm1638MaxDigits
0837  3002  	MOVLW 0x02
0838  00DE  	MOVWF gbl_tm1638DisplayNumtoSeg
0839  3080  	MOVLW 0x80
083A  00DF  	MOVWF gbl_tm1638Dot
083B  3007  	MOVLW 0x07
083C  00E0  	MOVWF gbl_tm1638Brightness
083D  3040  	MOVLW 0x40
083E  00E1  	MOVWF gbl_tm1638ByteSetData
083F  3042  	MOVLW 0x42
0840  00E2  	MOVWF gbl_tm1638ByteReadData
0841  30C0  	MOVLW 0xC0
0842  00E3  	MOVWF gbl_tm1638ByteSetAddr
0843  3088  	MOVLW 0x88
0844  00E4  	MOVWF gbl_tm1638ByteSetOn
0845  01A0  	CLRF gbl_tm1638Data
0846  01A1  	CLRF gbl_tm1638Data+D'1'
0847  01A2  	CLRF gbl_tm1638Data+D'2'
0848  01A3  	CLRF gbl_tm1638Data+D'3'
0849  01A4  	CLRF gbl_tm1638Data+D'4'
084A  01A5  	CLRF gbl_tm1638Data+D'5'
084B  01A6  	CLRF gbl_tm1638Data+D'6'
084C  01A7  	CLRF gbl_tm1638Data+D'7'
084D  01A8  	CLRF gbl_tm1638LEDs
084E  01A9  	CLRF gbl_tm1638LEDs+D'1'
084F  01AA  	CLRF gbl_tm1638LEDs+D'2'
0850  01AB  	CLRF gbl_tm1638LEDs+D'3'
0851  01AC  	CLRF gbl_tm1638LEDs+D'4'
0852  01AD  	CLRF gbl_tm1638LEDs+D'5'
0853  01AE  	CLRF gbl_tm1638LEDs+D'6'
0854  01AF  	CLRF gbl_tm1638LEDs+D'7'
0855  01E5  	CLRF gbl_tm1638Keys
0856  01E6  	CLRF gbl_tm1638KeysOld
0857  01E7  	CLRF gbl_iPrintStartDigit
0858  3008  	MOVLW 0x08
0859  00E8  	MOVWF gbl_iPrintDotDigit
085A  3001  	MOVLW 0x01
085B  00E9  	MOVWF gbl_iBcdAdjustment
085C  01EA  	CLRF gbl_oneWireIsPresent
085D  01EB  	CLRF gbl_oneWireResetStage
085E  118A  	BCF PCLATH,3
085F  120A  	BCF PCLATH,4
0860  2F6F  	GOTO	main
	ORG 0x00000861
0861        interrupt
0861        ; { interrupt ; function begin
0861  1D0B  	BTFSS gbl_intcon,2
0862  286A  	GOTO	label149
0863  1283  	BCF STATUS, RP0
0864  1303  	BCF STATUS, RP1
0865  0ABE  	INCF gbl_iTimer0Counts, F
0866  303D  	MOVLW 0x3D
0867  0081  	MOVWF gbl_tmr0
0868  14CC  	BSF gbl_cTask,1
0869  110B  	BCF gbl_intcon,2
086A        label149
086A  1283  	BCF STATUS, RP0
086B  1303  	BCF STATUS, RP1
086C  1C0C  	BTFSS gbl_pir1,0
086D  2873  	GOTO	label150
086E  30FF  	MOVLW 0xFF
086F  008F  	MOVWF gbl_tmr1h
0870  008E  	MOVWF gbl_tmr1l
0871  100C  	BCF gbl_pir1,0
0872  154C  	BSF gbl_cTask,2
0873        label150
0873  0E32  	SWAPF Int1BContext+D'2', W
0874  0084  	MOVWF FSR
0875  0E31  	SWAPF Int1BContext+D'1', W
0876  008A  	MOVWF PCLATH
0877  0E30  	SWAPF Int1BContext, W
0878  0083  	MOVWF STATUS
0879  0EFF  	SWAPF Int1Context, F
087A  0E7F  	SWAPF Int1Context, W
087B  0009  	RETFIE
087C        ; } interrupt function end

	ORG 0x00002007
2007  3FB1  	DW 0x3FB1
